28-Feb-2016 17:49:57.874 INFO [main] org.apache.catalina.core.StandardServer.await A valid shutdown command was received via the shutdown port. Stopping the Server instance.
28-Feb-2016 17:49:57.876 INFO [main] org.apache.coyote.AbstractProtocol.pause Pausing ProtocolHandler ["http-nio-8080"]
28-Feb-2016 17:49:57.938 INFO [main] org.apache.coyote.AbstractProtocol.pause Pausing ProtocolHandler ["ajp-nio-8009"]
28-Feb-2016 17:49:57.989 INFO [main] org.apache.catalina.core.StandardService.stopInternal Stopping service Catalina
28-Feb-2016 17:49:58.035 INFO [main] org.apache.coyote.AbstractProtocol.stop Stopping ProtocolHandler ["http-nio-8080"]
28-Feb-2016 17:49:58.039 INFO [main] org.apache.coyote.AbstractProtocol.stop Stopping ProtocolHandler ["ajp-nio-8009"]
28-Feb-2016 17:49:58.040 INFO [main] org.apache.coyote.AbstractProtocol.destroy Destroying ProtocolHandler ["http-nio-8080"]
28-Feb-2016 17:49:58.041 INFO [main] org.apache.coyote.AbstractProtocol.destroy Destroying ProtocolHandler ["ajp-nio-8009"]
28-Feb-2016 17:50:00.481 INFO [main] org.apache.catalina.startup.VersionLoggerListener.log Server version:        Apache Tomcat/8.0.32
28-Feb-2016 17:50:00.482 INFO [main] org.apache.catalina.startup.VersionLoggerListener.log Server built:          Feb 2 2016 19:34:53 UTC
28-Feb-2016 17:50:00.482 INFO [main] org.apache.catalina.startup.VersionLoggerListener.log Server number:         8.0.32.0
28-Feb-2016 17:50:00.482 INFO [main] org.apache.catalina.startup.VersionLoggerListener.log OS Name:               Mac OS X
28-Feb-2016 17:50:00.483 INFO [main] org.apache.catalina.startup.VersionLoggerListener.log OS Version:            10.11.3
28-Feb-2016 17:50:00.483 INFO [main] org.apache.catalina.startup.VersionLoggerListener.log Architecture:          x86_64
28-Feb-2016 17:50:00.483 INFO [main] org.apache.catalina.startup.VersionLoggerListener.log Java Home:             /Library/Java/JavaVirtualMachines/jdk1.8.0_60.jdk/Contents/Home/jre
28-Feb-2016 17:50:00.483 INFO [main] org.apache.catalina.startup.VersionLoggerListener.log JVM Version:           1.8.0_60-b27
28-Feb-2016 17:50:00.483 INFO [main] org.apache.catalina.startup.VersionLoggerListener.log JVM Vendor:            Oracle Corporation
28-Feb-2016 17:50:00.483 INFO [main] org.apache.catalina.startup.VersionLoggerListener.log CATALINA_BASE:         /Users/Nina/git/trading-webpage/apache-tomcat-8.0.32
28-Feb-2016 17:50:00.483 INFO [main] org.apache.catalina.startup.VersionLoggerListener.log CATALINA_HOME:         /Users/Nina/git/trading-webpage/apache-tomcat-8.0.32
28-Feb-2016 17:50:00.484 INFO [main] org.apache.catalina.startup.VersionLoggerListener.log Command line argument: -Djava.util.logging.config.file=/Users/Nina/git/trading-webpage/apache-tomcat-8.0.32/conf/logging.properties
28-Feb-2016 17:50:00.484 INFO [main] org.apache.catalina.startup.VersionLoggerListener.log Command line argument: -Djava.util.logging.manager=org.apache.juli.ClassLoaderLogManager
28-Feb-2016 17:50:00.484 INFO [main] org.apache.catalina.startup.VersionLoggerListener.log Command line argument: -Djava.endorsed.dirs=/Users/Nina/git/trading-webpage/apache-tomcat-8.0.32/endorsed
28-Feb-2016 17:50:00.484 INFO [main] org.apache.catalina.startup.VersionLoggerListener.log Command line argument: -Dcatalina.base=/Users/Nina/git/trading-webpage/apache-tomcat-8.0.32
28-Feb-2016 17:50:00.484 INFO [main] org.apache.catalina.startup.VersionLoggerListener.log Command line argument: -Dcatalina.home=/Users/Nina/git/trading-webpage/apache-tomcat-8.0.32
28-Feb-2016 17:50:00.484 INFO [main] org.apache.catalina.startup.VersionLoggerListener.log Command line argument: -Djava.io.tmpdir=/Users/Nina/git/trading-webpage/apache-tomcat-8.0.32/temp
28-Feb-2016 17:50:00.485 INFO [main] org.apache.catalina.core.AprLifecycleListener.lifecycleEvent The APR based Apache Tomcat Native library which allows optimal performance in production environments was not found on the java.library.path: /Users/Nina/Library/Java/Extensions:/Library/Java/Extensions:/Network/Library/Java/Extensions:/System/Library/Java/Extensions:/usr/lib/java:.
28-Feb-2016 17:50:00.692 INFO [main] org.apache.coyote.AbstractProtocol.init Initializing ProtocolHandler ["http-nio-8080"]
28-Feb-2016 17:50:00.727 INFO [main] org.apache.tomcat.util.net.NioSelectorPool.getSharedSelector Using a shared selector for servlet write/read
28-Feb-2016 17:50:00.729 INFO [main] org.apache.coyote.AbstractProtocol.init Initializing ProtocolHandler ["ajp-nio-8009"]
28-Feb-2016 17:50:00.732 INFO [main] org.apache.tomcat.util.net.NioSelectorPool.getSharedSelector Using a shared selector for servlet write/read
28-Feb-2016 17:50:00.732 INFO [main] org.apache.catalina.startup.Catalina.load Initialization processed in 727 ms
28-Feb-2016 17:50:00.757 INFO [main] org.apache.catalina.core.StandardService.startInternal Starting service Catalina
28-Feb-2016 17:50:00.757 INFO [main] org.apache.catalina.core.StandardEngine.startInternal Starting Servlet Engine: Apache Tomcat/8.0.32
28-Feb-2016 17:50:00.778 INFO [localhost-startStop-1] org.apache.catalina.startup.HostConfig.deployWAR Deploying web application archive /Users/Nina/git/trading-webpage/apache-tomcat-8.0.32/webapps/forum_bean.war
28-Feb-2016 17:50:01.202 INFO [localhost-startStop-1] org.apache.jasper.servlet.TldScanner.scanJars At least one JAR was scanned for TLDs yet contained no TLDs. Enable debug logging for this logger for a complete list of JARs that were scanned but no TLDs were found in them. Skipping unneeded JARs during scanning can improve startup time and JSP compilation time.
28-Feb-2016 17:50:01.321 INFO [localhost-startStop-1] org.apache.catalina.startup.HostConfig.deployWAR Deployment of web application archive /Users/Nina/git/trading-webpage/apache-tomcat-8.0.32/webapps/forum_bean.war has finished in 542 ms
28-Feb-2016 17:50:01.322 INFO [localhost-startStop-1] org.apache.catalina.startup.HostConfig.deployWAR Deploying web application archive /Users/Nina/git/trading-webpage/apache-tomcat-8.0.32/webapps/trading_bean.war
28-Feb-2016 17:50:01.453 INFO [localhost-startStop-1] org.apache.jasper.servlet.TldScanner.scanJars At least one JAR was scanned for TLDs yet contained no TLDs. Enable debug logging for this logger for a complete list of JARs that were scanned but no TLDs were found in them. Skipping unneeded JARs during scanning can improve startup time and JSP compilation time.
28-Feb-2016 17:50:01.461 INFO [localhost-startStop-1] org.apache.catalina.startup.HostConfig.deployWAR Deployment of web application archive /Users/Nina/git/trading-webpage/apache-tomcat-8.0.32/webapps/trading_bean.war has finished in 139 ms
28-Feb-2016 17:50:01.462 INFO [localhost-startStop-1] org.apache.catalina.startup.HostConfig.deployDirectory Deploying web application directory /Users/Nina/git/trading-webpage/apache-tomcat-8.0.32/webapps/css
28-Feb-2016 17:50:01.551 INFO [localhost-startStop-1] org.apache.jasper.servlet.TldScanner.scanJars At least one JAR was scanned for TLDs yet contained no TLDs. Enable debug logging for this logger for a complete list of JARs that were scanned but no TLDs were found in them. Skipping unneeded JARs during scanning can improve startup time and JSP compilation time.
28-Feb-2016 17:50:01.554 INFO [localhost-startStop-1] org.apache.catalina.startup.HostConfig.deployDirectory Deployment of web application directory /Users/Nina/git/trading-webpage/apache-tomcat-8.0.32/webapps/css has finished in 92 ms
28-Feb-2016 17:50:01.554 INFO [localhost-startStop-1] org.apache.catalina.startup.HostConfig.deployDirectory Deploying web application directory /Users/Nina/git/trading-webpage/apache-tomcat-8.0.32/webapps/docs
28-Feb-2016 17:50:01.636 INFO [localhost-startStop-1] org.apache.jasper.servlet.TldScanner.scanJars At least one JAR was scanned for TLDs yet contained no TLDs. Enable debug logging for this logger for a complete list of JARs that were scanned but no TLDs were found in them. Skipping unneeded JARs during scanning can improve startup time and JSP compilation time.
28-Feb-2016 17:50:01.638 INFO [localhost-startStop-1] org.apache.catalina.startup.HostConfig.deployDirectory Deployment of web application directory /Users/Nina/git/trading-webpage/apache-tomcat-8.0.32/webapps/docs has finished in 84 ms
28-Feb-2016 17:50:01.638 INFO [localhost-startStop-1] org.apache.catalina.startup.HostConfig.deployDirectory Deploying web application directory /Users/Nina/git/trading-webpage/apache-tomcat-8.0.32/webapps/examples
28-Feb-2016 17:50:01.900 INFO [localhost-startStop-1] org.apache.jasper.servlet.TldScanner.scanJars At least one JAR was scanned for TLDs yet contained no TLDs. Enable debug logging for this logger for a complete list of JARs that were scanned but no TLDs were found in them. Skipping unneeded JARs during scanning can improve startup time and JSP compilation time.
28-Feb-2016 17:50:01.936 INFO [localhost-startStop-1] org.apache.catalina.startup.HostConfig.deployDirectory Deployment of web application directory /Users/Nina/git/trading-webpage/apache-tomcat-8.0.32/webapps/examples has finished in 298 ms
28-Feb-2016 17:50:01.937 INFO [localhost-startStop-1] org.apache.catalina.startup.HostConfig.deployDirectory Deploying web application directory /Users/Nina/git/trading-webpage/apache-tomcat-8.0.32/webapps/host-manager
28-Feb-2016 17:50:02.019 INFO [localhost-startStop-1] org.apache.jasper.servlet.TldScanner.scanJars At least one JAR was scanned for TLDs yet contained no TLDs. Enable debug logging for this logger for a complete list of JARs that were scanned but no TLDs were found in them. Skipping unneeded JARs during scanning can improve startup time and JSP compilation time.
28-Feb-2016 17:50:02.022 INFO [localhost-startStop-1] org.apache.catalina.startup.HostConfig.deployDirectory Deployment of web application directory /Users/Nina/git/trading-webpage/apache-tomcat-8.0.32/webapps/host-manager has finished in 85 ms
28-Feb-2016 17:50:02.022 INFO [localhost-startStop-1] org.apache.catalina.startup.HostConfig.deployDirectory Deploying web application directory /Users/Nina/git/trading-webpage/apache-tomcat-8.0.32/webapps/images
28-Feb-2016 17:50:02.113 INFO [localhost-startStop-1] org.apache.jasper.servlet.TldScanner.scanJars At least one JAR was scanned for TLDs yet contained no TLDs. Enable debug logging for this logger for a complete list of JARs that were scanned but no TLDs were found in them. Skipping unneeded JARs during scanning can improve startup time and JSP compilation time.
28-Feb-2016 17:50:02.117 INFO [localhost-startStop-1] org.apache.catalina.startup.HostConfig.deployDirectory Deployment of web application directory /Users/Nina/git/trading-webpage/apache-tomcat-8.0.32/webapps/images has finished in 95 ms
28-Feb-2016 17:50:02.118 INFO [localhost-startStop-1] org.apache.catalina.startup.HostConfig.deployDirectory Deploying web application directory /Users/Nina/git/trading-webpage/apache-tomcat-8.0.32/webapps/manager
28-Feb-2016 17:50:02.211 INFO [localhost-startStop-1] org.apache.jasper.servlet.TldScanner.scanJars At least one JAR was scanned for TLDs yet contained no TLDs. Enable debug logging for this logger for a complete list of JARs that were scanned but no TLDs were found in them. Skipping unneeded JARs during scanning can improve startup time and JSP compilation time.
28-Feb-2016 17:50:02.213 INFO [localhost-startStop-1] org.apache.catalina.startup.HostConfig.deployDirectory Deployment of web application directory /Users/Nina/git/trading-webpage/apache-tomcat-8.0.32/webapps/manager has finished in 96 ms
28-Feb-2016 17:50:02.213 INFO [localhost-startStop-1] org.apache.catalina.startup.HostConfig.deployDirectory Deploying web application directory /Users/Nina/git/trading-webpage/apache-tomcat-8.0.32/webapps/ROOT
28-Feb-2016 17:50:02.288 INFO [localhost-startStop-1] org.apache.jasper.servlet.TldScanner.scanJars At least one JAR was scanned for TLDs yet contained no TLDs. Enable debug logging for this logger for a complete list of JARs that were scanned but no TLDs were found in them. Skipping unneeded JARs during scanning can improve startup time and JSP compilation time.
28-Feb-2016 17:50:02.290 INFO [localhost-startStop-1] org.apache.catalina.startup.HostConfig.deployDirectory Deployment of web application directory /Users/Nina/git/trading-webpage/apache-tomcat-8.0.32/webapps/ROOT has finished in 77 ms
28-Feb-2016 17:50:02.294 INFO [main] org.apache.coyote.AbstractProtocol.start Starting ProtocolHandler ["http-nio-8080"]
28-Feb-2016 17:50:02.300 INFO [main] org.apache.coyote.AbstractProtocol.start Starting ProtocolHandler ["ajp-nio-8009"]
28-Feb-2016 17:50:02.301 INFO [main] org.apache.catalina.startup.Catalina.start Server startup in 1568 ms
28-Feb-2016 18:03:32.701 INFO [ContainerBackgroundProcessor[StandardEngine[Catalina]]] org.apache.catalina.startup.HostConfig.undeploy Undeploying context [/trading_bean]
28-Feb-2016 18:03:32.716 INFO [localhost-startStop-2] org.apache.catalina.startup.HostConfig.deployWAR Deploying web application archive /Users/Nina/git/trading-webpage/apache-tomcat-8.0.32/webapps/trading_bean.war
28-Feb-2016 18:03:32.802 INFO [localhost-startStop-2] org.apache.jasper.servlet.TldScanner.scanJars At least one JAR was scanned for TLDs yet contained no TLDs. Enable debug logging for this logger for a complete list of JARs that were scanned but no TLDs were found in them. Skipping unneeded JARs during scanning can improve startup time and JSP compilation time.
28-Feb-2016 18:03:32.892 INFO [localhost-startStop-2] org.apache.catalina.startup.HostConfig.deployWAR Deployment of web application archive /Users/Nina/git/trading-webpage/apache-tomcat-8.0.32/webapps/trading_bean.war has finished in 176 ms
28-Feb-2016 18:06:52.986 INFO [ContainerBackgroundProcessor[StandardEngine[Catalina]]] org.apache.catalina.startup.HostConfig.undeploy Undeploying context [/trading_bean]
28-Feb-2016 18:06:52.997 INFO [localhost-startStop-3] org.apache.catalina.startup.HostConfig.deployWAR Deploying web application archive /Users/Nina/git/trading-webpage/apache-tomcat-8.0.32/webapps/trading_bean.war
28-Feb-2016 18:06:53.118 INFO [localhost-startStop-3] org.apache.jasper.servlet.TldScanner.scanJars At least one JAR was scanned for TLDs yet contained no TLDs. Enable debug logging for this logger for a complete list of JARs that were scanned but no TLDs were found in them. Skipping unneeded JARs during scanning can improve startup time and JSP compilation time.
28-Feb-2016 18:06:53.196 INFO [localhost-startStop-3] org.apache.catalina.startup.HostConfig.deployWAR Deployment of web application archive /Users/Nina/git/trading-webpage/apache-tomcat-8.0.32/webapps/trading_bean.war has finished in 199 ms
28-Feb-2016 18:13:23.380 INFO [ContainerBackgroundProcessor[StandardEngine[Catalina]]] org.apache.catalina.startup.HostConfig.undeploy Undeploying context [/trading_bean]
28-Feb-2016 18:13:23.393 INFO [localhost-startStop-4] org.apache.catalina.startup.HostConfig.deployWAR Deploying web application archive /Users/Nina/git/trading-webpage/apache-tomcat-8.0.32/webapps/trading_bean.war
28-Feb-2016 18:13:23.482 INFO [localhost-startStop-4] org.apache.jasper.servlet.TldScanner.scanJars At least one JAR was scanned for TLDs yet contained no TLDs. Enable debug logging for this logger for a complete list of JARs that were scanned but no TLDs were found in them. Skipping unneeded JARs during scanning can improve startup time and JSP compilation time.
28-Feb-2016 18:13:24.079 INFO [localhost-startStop-4] org.apache.catalina.startup.HostConfig.deployWAR Deployment of web application archive /Users/Nina/git/trading-webpage/apache-tomcat-8.0.32/webapps/trading_bean.war has finished in 686 ms
28-Feb-2016 18:18:44.223 INFO [ContainerBackgroundProcessor[StandardEngine[Catalina]]] org.apache.catalina.startup.HostConfig.undeploy Undeploying context [/trading_bean]
28-Feb-2016 18:18:44.248 INFO [localhost-startStop-5] org.apache.catalina.startup.HostConfig.deployWAR Deploying web application archive /Users/Nina/git/trading-webpage/apache-tomcat-8.0.32/webapps/trading_bean.war
28-Feb-2016 18:18:44.367 INFO [localhost-startStop-5] org.apache.jasper.servlet.TldScanner.scanJars At least one JAR was scanned for TLDs yet contained no TLDs. Enable debug logging for this logger for a complete list of JARs that were scanned but no TLDs were found in them. Skipping unneeded JARs during scanning can improve startup time and JSP compilation time.
28-Feb-2016 18:18:44.526 INFO [localhost-startStop-5] org.apache.catalina.startup.HostConfig.deployWAR Deployment of web application archive /Users/Nina/git/trading-webpage/apache-tomcat-8.0.32/webapps/trading_bean.war has finished in 277 ms
28-Feb-2016 18:19:04.538 INFO [ContainerBackgroundProcessor[StandardEngine[Catalina]]] org.apache.catalina.startup.HostConfig.undeploy Undeploying context [/trading_bean]
28-Feb-2016 18:19:04.548 INFO [localhost-startStop-6] org.apache.catalina.startup.HostConfig.deployWAR Deploying web application archive /Users/Nina/git/trading-webpage/apache-tomcat-8.0.32/webapps/trading_bean.war
28-Feb-2016 18:19:04.619 INFO [localhost-startStop-6] org.apache.jasper.servlet.TldScanner.scanJars At least one JAR was scanned for TLDs yet contained no TLDs. Enable debug logging for this logger for a complete list of JARs that were scanned but no TLDs were found in them. Skipping unneeded JARs during scanning can improve startup time and JSP compilation time.
28-Feb-2016 18:19:04.721 INFO [localhost-startStop-6] org.apache.catalina.startup.HostConfig.deployWAR Deployment of web application archive /Users/Nina/git/trading-webpage/apache-tomcat-8.0.32/webapps/trading_bean.war has finished in 173 ms
28-Feb-2016 18:20:44.763 INFO [ContainerBackgroundProcessor[StandardEngine[Catalina]]] org.apache.catalina.startup.HostConfig.undeploy Undeploying context [/trading_bean]
28-Feb-2016 18:20:44.773 INFO [localhost-startStop-7] org.apache.catalina.startup.HostConfig.deployWAR Deploying web application archive /Users/Nina/git/trading-webpage/apache-tomcat-8.0.32/webapps/trading_bean.war
28-Feb-2016 18:20:44.872 INFO [localhost-startStop-7] org.apache.jasper.servlet.TldScanner.scanJars At least one JAR was scanned for TLDs yet contained no TLDs. Enable debug logging for this logger for a complete list of JARs that were scanned but no TLDs were found in them. Skipping unneeded JARs during scanning can improve startup time and JSP compilation time.
28-Feb-2016 18:20:44.968 INFO [localhost-startStop-7] org.apache.catalina.startup.HostConfig.deployWAR Deployment of web application archive /Users/Nina/git/trading-webpage/apache-tomcat-8.0.32/webapps/trading_bean.war has finished in 195 ms
28-Feb-2016 18:24:35.083 INFO [ContainerBackgroundProcessor[StandardEngine[Catalina]]] org.apache.catalina.startup.HostConfig.undeploy Undeploying context [/trading_bean]
28-Feb-2016 18:24:35.094 INFO [localhost-startStop-8] org.apache.catalina.startup.HostConfig.deployWAR Deploying web application archive /Users/Nina/git/trading-webpage/apache-tomcat-8.0.32/webapps/trading_bean.war
28-Feb-2016 18:24:35.203 INFO [localhost-startStop-8] org.apache.jasper.servlet.TldScanner.scanJars At least one JAR was scanned for TLDs yet contained no TLDs. Enable debug logging for this logger for a complete list of JARs that were scanned but no TLDs were found in them. Skipping unneeded JARs during scanning can improve startup time and JSP compilation time.
28-Feb-2016 18:24:35.280 INFO [localhost-startStop-8] org.apache.catalina.startup.HostConfig.deployWAR Deployment of web application archive /Users/Nina/git/trading-webpage/apache-tomcat-8.0.32/webapps/trading_bean.war has finished in 186 ms
28-Feb-2016 18:25:15.302 INFO [ContainerBackgroundProcessor[StandardEngine[Catalina]]] org.apache.catalina.startup.HostConfig.undeploy Undeploying context [/trading_bean]
28-Feb-2016 18:25:15.312 INFO [localhost-startStop-9] org.apache.catalina.startup.HostConfig.deployWAR Deploying web application archive /Users/Nina/git/trading-webpage/apache-tomcat-8.0.32/webapps/trading_bean.war
28-Feb-2016 18:25:15.403 INFO [localhost-startStop-9] org.apache.jasper.servlet.TldScanner.scanJars At least one JAR was scanned for TLDs yet contained no TLDs. Enable debug logging for this logger for a complete list of JARs that were scanned but no TLDs were found in them. Skipping unneeded JARs during scanning can improve startup time and JSP compilation time.
28-Feb-2016 18:25:15.483 INFO [localhost-startStop-9] org.apache.catalina.startup.HostConfig.deployWAR Deployment of web application archive /Users/Nina/git/trading-webpage/apache-tomcat-8.0.32/webapps/trading_bean.war has finished in 171 ms
28-Feb-2016 18:25:35.487 INFO [ContainerBackgroundProcessor[StandardEngine[Catalina]]] org.apache.catalina.startup.HostConfig.undeploy Undeploying context [/trading_bean]
28-Feb-2016 18:25:35.495 INFO [localhost-startStop-10] org.apache.catalina.startup.HostConfig.deployWAR Deploying web application archive /Users/Nina/git/trading-webpage/apache-tomcat-8.0.32/webapps/trading_bean.war
28-Feb-2016 18:25:35.564 INFO [localhost-startStop-10] org.apache.jasper.servlet.TldScanner.scanJars At least one JAR was scanned for TLDs yet contained no TLDs. Enable debug logging for this logger for a complete list of JARs that were scanned but no TLDs were found in them. Skipping unneeded JARs during scanning can improve startup time and JSP compilation time.
28-Feb-2016 18:25:35.641 INFO [localhost-startStop-10] org.apache.catalina.startup.HostConfig.deployWAR Deployment of web application archive /Users/Nina/git/trading-webpage/apache-tomcat-8.0.32/webapps/trading_bean.war has finished in 146 ms
28-Feb-2016 18:26:15.657 INFO [ContainerBackgroundProcessor[StandardEngine[Catalina]]] org.apache.catalina.startup.HostConfig.undeploy Undeploying context [/trading_bean]
28-Feb-2016 18:26:15.665 INFO [localhost-startStop-11] org.apache.catalina.startup.HostConfig.deployWAR Deploying web application archive /Users/Nina/git/trading-webpage/apache-tomcat-8.0.32/webapps/trading_bean.war
28-Feb-2016 18:26:15.731 INFO [localhost-startStop-11] org.apache.jasper.servlet.TldScanner.scanJars At least one JAR was scanned for TLDs yet contained no TLDs. Enable debug logging for this logger for a complete list of JARs that were scanned but no TLDs were found in them. Skipping unneeded JARs during scanning can improve startup time and JSP compilation time.
28-Feb-2016 18:26:15.793 INFO [localhost-startStop-11] org.apache.catalina.startup.HostConfig.deployWAR Deployment of web application archive /Users/Nina/git/trading-webpage/apache-tomcat-8.0.32/webapps/trading_bean.war has finished in 127 ms
28-Feb-2016 18:28:55.866 INFO [ContainerBackgroundProcessor[StandardEngine[Catalina]]] org.apache.catalina.startup.HostConfig.undeploy Undeploying context [/trading_bean]
28-Feb-2016 18:28:55.876 INFO [localhost-startStop-12] org.apache.catalina.startup.HostConfig.deployWAR Deploying web application archive /Users/Nina/git/trading-webpage/apache-tomcat-8.0.32/webapps/trading_bean.war
28-Feb-2016 18:28:55.990 INFO [localhost-startStop-12] org.apache.jasper.servlet.TldScanner.scanJars At least one JAR was scanned for TLDs yet contained no TLDs. Enable debug logging for this logger for a complete list of JARs that were scanned but no TLDs were found in them. Skipping unneeded JARs during scanning can improve startup time and JSP compilation time.
28-Feb-2016 18:28:56.098 INFO [localhost-startStop-12] org.apache.catalina.startup.HostConfig.deployWAR Deployment of web application archive /Users/Nina/git/trading-webpage/apache-tomcat-8.0.32/webapps/trading_bean.war has finished in 222 ms
28-Feb-2016 18:29:16.112 INFO [ContainerBackgroundProcessor[StandardEngine[Catalina]]] org.apache.catalina.startup.HostConfig.undeploy Undeploying context [/trading_bean]
28-Feb-2016 18:29:16.121 INFO [localhost-startStop-13] org.apache.catalina.startup.HostConfig.deployWAR Deploying web application archive /Users/Nina/git/trading-webpage/apache-tomcat-8.0.32/webapps/trading_bean.war
28-Feb-2016 18:29:16.214 INFO [localhost-startStop-13] org.apache.jasper.servlet.TldScanner.scanJars At least one JAR was scanned for TLDs yet contained no TLDs. Enable debug logging for this logger for a complete list of JARs that were scanned but no TLDs were found in them. Skipping unneeded JARs during scanning can improve startup time and JSP compilation time.
28-Feb-2016 18:29:16.269 INFO [localhost-startStop-13] org.apache.catalina.startup.HostConfig.deployWAR Deployment of web application archive /Users/Nina/git/trading-webpage/apache-tomcat-8.0.32/webapps/trading_bean.war has finished in 147 ms
28-Feb-2016 18:35:06.444 INFO [ContainerBackgroundProcessor[StandardEngine[Catalina]]] org.apache.catalina.startup.HostConfig.undeploy Undeploying context [/trading_bean]
28-Feb-2016 18:35:06.454 INFO [localhost-startStop-14] org.apache.catalina.startup.HostConfig.deployWAR Deploying web application archive /Users/Nina/git/trading-webpage/apache-tomcat-8.0.32/webapps/trading_bean.war
28-Feb-2016 18:35:06.549 INFO [localhost-startStop-14] org.apache.jasper.servlet.TldScanner.scanJars At least one JAR was scanned for TLDs yet contained no TLDs. Enable debug logging for this logger for a complete list of JARs that were scanned but no TLDs were found in them. Skipping unneeded JARs during scanning can improve startup time and JSP compilation time.
28-Feb-2016 18:35:06.615 INFO [localhost-startStop-14] org.apache.catalina.startup.HostConfig.deployWAR Deployment of web application archive /Users/Nina/git/trading-webpage/apache-tomcat-8.0.32/webapps/trading_bean.war has finished in 161 ms
28-Feb-2016 18:36:46.666 INFO [ContainerBackgroundProcessor[StandardEngine[Catalina]]] org.apache.catalina.startup.HostConfig.undeploy Undeploying context [/trading_bean]
28-Feb-2016 18:36:46.675 INFO [localhost-startStop-15] org.apache.catalina.startup.HostConfig.deployWAR Deploying web application archive /Users/Nina/git/trading-webpage/apache-tomcat-8.0.32/webapps/trading_bean.war
28-Feb-2016 18:36:46.764 INFO [localhost-startStop-15] org.apache.jasper.servlet.TldScanner.scanJars At least one JAR was scanned for TLDs yet contained no TLDs. Enable debug logging for this logger for a complete list of JARs that were scanned but no TLDs were found in them. Skipping unneeded JARs during scanning can improve startup time and JSP compilation time.
28-Feb-2016 18:36:46.829 INFO [localhost-startStop-15] org.apache.catalina.startup.HostConfig.deployWAR Deployment of web application archive /Users/Nina/git/trading-webpage/apache-tomcat-8.0.32/webapps/trading_bean.war has finished in 154 ms
28-Feb-2016 18:37:46.858 INFO [ContainerBackgroundProcessor[StandardEngine[Catalina]]] org.apache.catalina.startup.HostConfig.undeploy Undeploying context [/trading_bean]
28-Feb-2016 18:37:46.870 INFO [localhost-startStop-16] org.apache.catalina.startup.HostConfig.deployWAR Deploying web application archive /Users/Nina/git/trading-webpage/apache-tomcat-8.0.32/webapps/trading_bean.war
28-Feb-2016 18:37:46.966 INFO [localhost-startStop-16] org.apache.jasper.servlet.TldScanner.scanJars At least one JAR was scanned for TLDs yet contained no TLDs. Enable debug logging for this logger for a complete list of JARs that were scanned but no TLDs were found in them. Skipping unneeded JARs during scanning can improve startup time and JSP compilation time.
28-Feb-2016 18:37:47.010 INFO [localhost-startStop-16] org.apache.catalina.startup.HostConfig.deployWAR Deployment of web application archive /Users/Nina/git/trading-webpage/apache-tomcat-8.0.32/webapps/trading_bean.war has finished in 140 ms
28-Feb-2016 19:23:08.950 INFO [ContainerBackgroundProcessor[StandardEngine[Catalina]]] org.apache.catalina.startup.HostConfig.undeploy Undeploying context [/trading_bean]
28-Feb-2016 19:23:08.960 INFO [localhost-startStop-17] org.apache.catalina.startup.HostConfig.deployWAR Deploying web application archive /Users/Nina/git/trading-webpage/apache-tomcat-8.0.32/webapps/trading_bean.war
28-Feb-2016 19:23:09.028 INFO [localhost-startStop-17] org.apache.jasper.servlet.TldScanner.scanJars At least one JAR was scanned for TLDs yet contained no TLDs. Enable debug logging for this logger for a complete list of JARs that were scanned but no TLDs were found in them. Skipping unneeded JARs during scanning can improve startup time and JSP compilation time.
28-Feb-2016 19:23:09.072 INFO [localhost-startStop-17] org.apache.catalina.startup.HostConfig.deployWAR Deployment of web application archive /Users/Nina/git/trading-webpage/apache-tomcat-8.0.32/webapps/trading_bean.war has finished in 112 ms
28-Feb-2016 19:23:19.073 INFO [ContainerBackgroundProcessor[StandardEngine[Catalina]]] org.apache.catalina.startup.HostConfig.undeploy Undeploying context [/trading_bean]
28-Feb-2016 19:23:19.081 INFO [localhost-startStop-18] org.apache.catalina.startup.HostConfig.deployWAR Deploying web application archive /Users/Nina/git/trading-webpage/apache-tomcat-8.0.32/webapps/trading_bean.war
28-Feb-2016 19:23:19.156 INFO [localhost-startStop-18] org.apache.jasper.servlet.TldScanner.scanJars At least one JAR was scanned for TLDs yet contained no TLDs. Enable debug logging for this logger for a complete list of JARs that were scanned but no TLDs were found in them. Skipping unneeded JARs during scanning can improve startup time and JSP compilation time.
28-Feb-2016 19:23:19.200 INFO [localhost-startStop-18] org.apache.catalina.startup.HostConfig.deployWAR Deployment of web application archive /Users/Nina/git/trading-webpage/apache-tomcat-8.0.32/webapps/trading_bean.war has finished in 119 ms
