05-Mar-2016 20:46:16.192 INFO [ContainerBackgroundProcessor[StandardEngine[Catalina]]] org.apache.catalina.startup.HostConfig.undeploy Undeploying context [/trading_bean]
05-Mar-2016 20:46:16.219 INFO [localhost-startStop-8] org.apache.catalina.startup.HostConfig.deployWAR Deploying web application archive /Users/Nina/git/trading-webpage/apache-tomcat-8.0.32/webapps/trading_bean.war
05-Mar-2016 20:46:16.450 INFO [localhost-startStop-8] org.apache.jasper.servlet.TldScanner.scanJars At least one JAR was scanned for TLDs yet contained no TLDs. Enable debug logging for this logger for a complete list of JARs that were scanned but no TLDs were found in them. Skipping unneeded JARs during scanning can improve startup time and JSP compilation time.
05-Mar-2016 20:46:16.457 INFO [localhost-startStop-8] org.apache.catalina.startup.HostConfig.deployWAR Deployment of web application archive /Users/Nina/git/trading-webpage/apache-tomcat-8.0.32/webapps/trading_bean.war has finished in 239 ms
05-Mar-2016 20:46:24.792 INFO [main] org.apache.catalina.startup.VersionLoggerListener.log Server version:        Apache Tomcat/8.0.32
05-Mar-2016 20:46:24.793 INFO [main] org.apache.catalina.startup.VersionLoggerListener.log Server built:          Feb 2 2016 19:34:53 UTC
05-Mar-2016 20:46:24.794 INFO [main] org.apache.catalina.startup.VersionLoggerListener.log Server number:         8.0.32.0
05-Mar-2016 20:46:24.794 INFO [main] org.apache.catalina.startup.VersionLoggerListener.log OS Name:               Mac OS X
05-Mar-2016 20:46:24.794 INFO [main] org.apache.catalina.startup.VersionLoggerListener.log OS Version:            10.11.3
05-Mar-2016 20:46:24.794 INFO [main] org.apache.catalina.startup.VersionLoggerListener.log Architecture:          x86_64
05-Mar-2016 20:46:24.794 INFO [main] org.apache.catalina.startup.VersionLoggerListener.log Java Home:             /Library/Java/JavaVirtualMachines/jdk1.8.0_60.jdk/Contents/Home/jre
05-Mar-2016 20:46:24.794 INFO [main] org.apache.catalina.startup.VersionLoggerListener.log JVM Version:           1.8.0_60-b27
05-Mar-2016 20:46:24.794 INFO [main] org.apache.catalina.startup.VersionLoggerListener.log JVM Vendor:            Oracle Corporation
05-Mar-2016 20:46:24.795 INFO [main] org.apache.catalina.startup.VersionLoggerListener.log CATALINA_BASE:         /Users/Nina/git/trading-webpage/apache-tomcat-8.0.32
05-Mar-2016 20:46:24.795 INFO [main] org.apache.catalina.startup.VersionLoggerListener.log CATALINA_HOME:         /Users/Nina/git/trading-webpage/apache-tomcat-8.0.32
05-Mar-2016 20:46:24.795 INFO [main] org.apache.catalina.startup.VersionLoggerListener.log Command line argument: -Djava.util.logging.config.file=/Users/Nina/git/trading-webpage/apache-tomcat-8.0.32/conf/logging.properties
05-Mar-2016 20:46:24.796 INFO [main] org.apache.catalina.startup.VersionLoggerListener.log Command line argument: -Djava.util.logging.manager=org.apache.juli.ClassLoaderLogManager
05-Mar-2016 20:46:24.796 INFO [main] org.apache.catalina.startup.VersionLoggerListener.log Command line argument: -Djava.endorsed.dirs=/Users/Nina/git/trading-webpage/apache-tomcat-8.0.32/endorsed
05-Mar-2016 20:46:24.796 INFO [main] org.apache.catalina.startup.VersionLoggerListener.log Command line argument: -Dcatalina.base=/Users/Nina/git/trading-webpage/apache-tomcat-8.0.32
05-Mar-2016 20:46:24.796 INFO [main] org.apache.catalina.startup.VersionLoggerListener.log Command line argument: -Dcatalina.home=/Users/Nina/git/trading-webpage/apache-tomcat-8.0.32
05-Mar-2016 20:46:24.796 INFO [main] org.apache.catalina.startup.VersionLoggerListener.log Command line argument: -Djava.io.tmpdir=/Users/Nina/git/trading-webpage/apache-tomcat-8.0.32/temp
05-Mar-2016 20:46:24.796 INFO [main] org.apache.catalina.core.AprLifecycleListener.lifecycleEvent The APR based Apache Tomcat Native library which allows optimal performance in production environments was not found on the java.library.path: /Users/Nina/Library/Java/Extensions:/Library/Java/Extensions:/Network/Library/Java/Extensions:/System/Library/Java/Extensions:/usr/lib/java:.
05-Mar-2016 20:46:24.992 INFO [main] org.apache.coyote.AbstractProtocol.init Initializing ProtocolHandler ["http-nio-8080"]
05-Mar-2016 20:46:25.020 SEVERE [main] org.apache.coyote.AbstractProtocol.init Failed to initialize end point associated with ProtocolHandler ["http-nio-8080"]
 java.net.BindException: Address already in use
	at sun.nio.ch.Net.bind0(Native Method)
	at sun.nio.ch.Net.bind(Net.java:433)
	at sun.nio.ch.Net.bind(Net.java:425)
	at sun.nio.ch.ServerSocketChannelImpl.bind(ServerSocketChannelImpl.java:223)
	at sun.nio.ch.ServerSocketAdaptor.bind(ServerSocketAdaptor.java:74)
	at org.apache.tomcat.util.net.NioEndpoint.bind(NioEndpoint.java:340)
	at org.apache.tomcat.util.net.AbstractEndpoint.init(AbstractEndpoint.java:742)
	at org.apache.coyote.AbstractProtocol.init(AbstractProtocol.java:458)
	at org.apache.coyote.http11.AbstractHttp11JsseProtocol.init(AbstractHttp11JsseProtocol.java:120)
	at org.apache.catalina.connector.Connector.initInternal(Connector.java:960)
	at org.apache.catalina.util.LifecycleBase.init(LifecycleBase.java:102)
	at org.apache.catalina.core.StandardService.initInternal(StandardService.java:568)
	at org.apache.catalina.util.LifecycleBase.init(LifecycleBase.java:102)
	at org.apache.catalina.core.StandardServer.initInternal(StandardServer.java:851)
	at org.apache.catalina.util.LifecycleBase.init(LifecycleBase.java:102)
	at org.apache.catalina.startup.Catalina.load(Catalina.java:580)
	at org.apache.catalina.startup.Catalina.load(Catalina.java:603)
	at sun.reflect.NativeMethodAccessorImpl.invoke0(Native Method)
	at sun.reflect.NativeMethodAccessorImpl.invoke(NativeMethodAccessorImpl.java:62)
	at sun.reflect.DelegatingMethodAccessorImpl.invoke(DelegatingMethodAccessorImpl.java:43)
	at java.lang.reflect.Method.invoke(Method.java:497)
	at org.apache.catalina.startup.Bootstrap.load(Bootstrap.java:310)
	at org.apache.catalina.startup.Bootstrap.main(Bootstrap.java:484)

05-Mar-2016 20:46:25.022 SEVERE [main] org.apache.catalina.core.StandardService.initInternal Failed to initialize connector [Connector[HTTP/1.1-8080]]
 org.apache.catalina.LifecycleException: Failed to initialize component [Connector[HTTP/1.1-8080]]
	at org.apache.catalina.util.LifecycleBase.init(LifecycleBase.java:106)
	at org.apache.catalina.core.StandardService.initInternal(StandardService.java:568)
	at org.apache.catalina.util.LifecycleBase.init(LifecycleBase.java:102)
	at org.apache.catalina.core.StandardServer.initInternal(StandardServer.java:851)
	at org.apache.catalina.util.LifecycleBase.init(LifecycleBase.java:102)
	at org.apache.catalina.startup.Catalina.load(Catalina.java:580)
	at org.apache.catalina.startup.Catalina.load(Catalina.java:603)
	at sun.reflect.NativeMethodAccessorImpl.invoke0(Native Method)
	at sun.reflect.NativeMethodAccessorImpl.invoke(NativeMethodAccessorImpl.java:62)
	at sun.reflect.DelegatingMethodAccessorImpl.invoke(DelegatingMethodAccessorImpl.java:43)
	at java.lang.reflect.Method.invoke(Method.java:497)
	at org.apache.catalina.startup.Bootstrap.load(Bootstrap.java:310)
	at org.apache.catalina.startup.Bootstrap.main(Bootstrap.java:484)
Caused by: org.apache.catalina.LifecycleException: Protocol handler initialization failed
	at org.apache.catalina.connector.Connector.initInternal(Connector.java:962)
	at org.apache.catalina.util.LifecycleBase.init(LifecycleBase.java:102)
	... 12 more
Caused by: java.net.BindException: Address already in use
	at sun.nio.ch.Net.bind0(Native Method)
	at sun.nio.ch.Net.bind(Net.java:433)
	at sun.nio.ch.Net.bind(Net.java:425)
	at sun.nio.ch.ServerSocketChannelImpl.bind(ServerSocketChannelImpl.java:223)
	at sun.nio.ch.ServerSocketAdaptor.bind(ServerSocketAdaptor.java:74)
	at org.apache.tomcat.util.net.NioEndpoint.bind(NioEndpoint.java:340)
	at org.apache.tomcat.util.net.AbstractEndpoint.init(AbstractEndpoint.java:742)
	at org.apache.coyote.AbstractProtocol.init(AbstractProtocol.java:458)
	at org.apache.coyote.http11.AbstractHttp11JsseProtocol.init(AbstractHttp11JsseProtocol.java:120)
	at org.apache.catalina.connector.Connector.initInternal(Connector.java:960)
	... 13 more

05-Mar-2016 20:46:25.022 INFO [main] org.apache.coyote.AbstractProtocol.init Initializing ProtocolHandler ["ajp-nio-8009"]
05-Mar-2016 20:46:25.024 SEVERE [main] org.apache.coyote.AbstractProtocol.init Failed to initialize end point associated with ProtocolHandler ["ajp-nio-8009"]
 java.net.BindException: Address already in use
	at sun.nio.ch.Net.bind0(Native Method)
	at sun.nio.ch.Net.bind(Net.java:433)
	at sun.nio.ch.Net.bind(Net.java:425)
	at sun.nio.ch.ServerSocketChannelImpl.bind(ServerSocketChannelImpl.java:223)
	at sun.nio.ch.ServerSocketAdaptor.bind(ServerSocketAdaptor.java:74)
	at org.apache.tomcat.util.net.NioEndpoint.bind(NioEndpoint.java:340)
	at org.apache.tomcat.util.net.AbstractEndpoint.init(AbstractEndpoint.java:742)
	at org.apache.coyote.AbstractProtocol.init(AbstractProtocol.java:458)
	at org.apache.catalina.connector.Connector.initInternal(Connector.java:960)
	at org.apache.catalina.util.LifecycleBase.init(LifecycleBase.java:102)
	at org.apache.catalina.core.StandardService.initInternal(StandardService.java:568)
	at org.apache.catalina.util.LifecycleBase.init(LifecycleBase.java:102)
	at org.apache.catalina.core.StandardServer.initInternal(StandardServer.java:851)
	at org.apache.catalina.util.LifecycleBase.init(LifecycleBase.java:102)
	at org.apache.catalina.startup.Catalina.load(Catalina.java:580)
	at org.apache.catalina.startup.Catalina.load(Catalina.java:603)
	at sun.reflect.NativeMethodAccessorImpl.invoke0(Native Method)
	at sun.reflect.NativeMethodAccessorImpl.invoke(NativeMethodAccessorImpl.java:62)
	at sun.reflect.DelegatingMethodAccessorImpl.invoke(DelegatingMethodAccessorImpl.java:43)
	at java.lang.reflect.Method.invoke(Method.java:497)
	at org.apache.catalina.startup.Bootstrap.load(Bootstrap.java:310)
	at org.apache.catalina.startup.Bootstrap.main(Bootstrap.java:484)

05-Mar-2016 20:46:25.024 SEVERE [main] org.apache.catalina.core.StandardService.initInternal Failed to initialize connector [Connector[AJP/1.3-8009]]
 org.apache.catalina.LifecycleException: Failed to initialize component [Connector[AJP/1.3-8009]]
	at org.apache.catalina.util.LifecycleBase.init(LifecycleBase.java:106)
	at org.apache.catalina.core.StandardService.initInternal(StandardService.java:568)
	at org.apache.catalina.util.LifecycleBase.init(LifecycleBase.java:102)
	at org.apache.catalina.core.StandardServer.initInternal(StandardServer.java:851)
	at org.apache.catalina.util.LifecycleBase.init(LifecycleBase.java:102)
	at org.apache.catalina.startup.Catalina.load(Catalina.java:580)
	at org.apache.catalina.startup.Catalina.load(Catalina.java:603)
	at sun.reflect.NativeMethodAccessorImpl.invoke0(Native Method)
	at sun.reflect.NativeMethodAccessorImpl.invoke(NativeMethodAccessorImpl.java:62)
	at sun.reflect.DelegatingMethodAccessorImpl.invoke(DelegatingMethodAccessorImpl.java:43)
	at java.lang.reflect.Method.invoke(Method.java:497)
	at org.apache.catalina.startup.Bootstrap.load(Bootstrap.java:310)
	at org.apache.catalina.startup.Bootstrap.main(Bootstrap.java:484)
Caused by: org.apache.catalina.LifecycleException: Protocol handler initialization failed
	at org.apache.catalina.connector.Connector.initInternal(Connector.java:962)
	at org.apache.catalina.util.LifecycleBase.init(LifecycleBase.java:102)
	... 12 more
Caused by: java.net.BindException: Address already in use
	at sun.nio.ch.Net.bind0(Native Method)
	at sun.nio.ch.Net.bind(Net.java:433)
	at sun.nio.ch.Net.bind(Net.java:425)
	at sun.nio.ch.ServerSocketChannelImpl.bind(ServerSocketChannelImpl.java:223)
	at sun.nio.ch.ServerSocketAdaptor.bind(ServerSocketAdaptor.java:74)
	at org.apache.tomcat.util.net.NioEndpoint.bind(NioEndpoint.java:340)
	at org.apache.tomcat.util.net.AbstractEndpoint.init(AbstractEndpoint.java:742)
	at org.apache.coyote.AbstractProtocol.init(AbstractProtocol.java:458)
	at org.apache.catalina.connector.Connector.initInternal(Connector.java:960)
	... 13 more

05-Mar-2016 20:46:25.025 INFO [main] org.apache.catalina.startup.Catalina.load Initialization processed in 678 ms
05-Mar-2016 20:46:25.049 INFO [main] org.apache.catalina.core.StandardService.startInternal Starting service Catalina
05-Mar-2016 20:46:25.049 INFO [main] org.apache.catalina.core.StandardEngine.startInternal Starting Servlet Engine: Apache Tomcat/8.0.32
05-Mar-2016 20:46:25.071 INFO [localhost-startStop-1] org.apache.catalina.startup.HostConfig.deployWAR Deploying web application archive /Users/Nina/git/trading-webpage/apache-tomcat-8.0.32/webapps/forum_bean.war
05-Mar-2016 20:46:25.502 INFO [localhost-startStop-1] org.apache.jasper.servlet.TldScanner.scanJars At least one JAR was scanned for TLDs yet contained no TLDs. Enable debug logging for this logger for a complete list of JARs that were scanned but no TLDs were found in them. Skipping unneeded JARs during scanning can improve startup time and JSP compilation time.
05-Mar-2016 20:46:25.589 INFO [localhost-startStop-1] org.apache.catalina.startup.HostConfig.deployWAR Deployment of web application archive /Users/Nina/git/trading-webpage/apache-tomcat-8.0.32/webapps/forum_bean.war has finished in 517 ms
05-Mar-2016 20:46:25.590 INFO [localhost-startStop-1] org.apache.catalina.startup.HostConfig.deployWAR Deploying web application archive /Users/Nina/git/trading-webpage/apache-tomcat-8.0.32/webapps/forum_mvc_jdbc.war
05-Mar-2016 20:46:25.892 INFO [localhost-startStop-1] org.apache.jasper.servlet.TldScanner.scanJars At least one JAR was scanned for TLDs yet contained no TLDs. Enable debug logging for this logger for a complete list of JARs that were scanned but no TLDs were found in them. Skipping unneeded JARs during scanning can improve startup time and JSP compilation time.
05-Mar-2016 20:46:25.916 INFO [localhost-startStop-1] org.apache.catalina.startup.HostConfig.deployWAR Deployment of web application archive /Users/Nina/git/trading-webpage/apache-tomcat-8.0.32/webapps/forum_mvc_jdbc.war has finished in 326 ms
05-Mar-2016 20:46:25.916 INFO [localhost-startStop-1] org.apache.catalina.startup.HostConfig.deployWAR Deploying web application archive /Users/Nina/git/trading-webpage/apache-tomcat-8.0.32/webapps/trading_bean.war
05-Mar-2016 20:46:26.129 INFO [localhost-startStop-1] org.apache.jasper.servlet.TldScanner.scanJars At least one JAR was scanned for TLDs yet contained no TLDs. Enable debug logging for this logger for a complete list of JARs that were scanned but no TLDs were found in them. Skipping unneeded JARs during scanning can improve startup time and JSP compilation time.
05-Mar-2016 20:46:26.138 INFO [localhost-startStop-1] org.apache.catalina.startup.HostConfig.deployWAR Deployment of web application archive /Users/Nina/git/trading-webpage/apache-tomcat-8.0.32/webapps/trading_bean.war has finished in 222 ms
05-Mar-2016 20:46:26.139 INFO [localhost-startStop-1] org.apache.catalina.startup.HostConfig.deployWAR Deploying web application archive /Users/Nina/git/trading-webpage/apache-tomcat-8.0.32/webapps/trading_bean2.war
05-Mar-2016 20:46:26.243 INFO [localhost-startStop-1] org.apache.jasper.servlet.TldScanner.scanJars At least one JAR was scanned for TLDs yet contained no TLDs. Enable debug logging for this logger for a complete list of JARs that were scanned but no TLDs were found in them. Skipping unneeded JARs during scanning can improve startup time and JSP compilation time.
05-Mar-2016 20:46:26.245 INFO [localhost-startStop-1] org.apache.catalina.startup.HostConfig.deployWAR Deployment of web application archive /Users/Nina/git/trading-webpage/apache-tomcat-8.0.32/webapps/trading_bean2.war has finished in 106 ms
05-Mar-2016 20:46:26.248 INFO [localhost-startStop-1] org.apache.catalina.startup.HostConfig.deployDirectory Deploying web application directory /Users/Nina/git/trading-webpage/apache-tomcat-8.0.32/webapps/css
05-Mar-2016 20:46:26.332 INFO [localhost-startStop-1] org.apache.jasper.servlet.TldScanner.scanJars At least one JAR was scanned for TLDs yet contained no TLDs. Enable debug logging for this logger for a complete list of JARs that were scanned but no TLDs were found in them. Skipping unneeded JARs during scanning can improve startup time and JSP compilation time.
05-Mar-2016 20:46:26.336 INFO [localhost-startStop-1] org.apache.catalina.startup.HostConfig.deployDirectory Deployment of web application directory /Users/Nina/git/trading-webpage/apache-tomcat-8.0.32/webapps/css has finished in 88 ms
05-Mar-2016 20:46:26.336 INFO [localhost-startStop-1] org.apache.catalina.startup.HostConfig.deployDirectory Deploying web application directory /Users/Nina/git/trading-webpage/apache-tomcat-8.0.32/webapps/docs
05-Mar-2016 20:46:26.424 INFO [localhost-startStop-1] org.apache.jasper.servlet.TldScanner.scanJars At least one JAR was scanned for TLDs yet contained no TLDs. Enable debug logging for this logger for a complete list of JARs that were scanned but no TLDs were found in them. Skipping unneeded JARs during scanning can improve startup time and JSP compilation time.
05-Mar-2016 20:46:26.433 INFO [localhost-startStop-1] org.apache.catalina.startup.HostConfig.deployDirectory Deployment of web application directory /Users/Nina/git/trading-webpage/apache-tomcat-8.0.32/webapps/docs has finished in 97 ms
05-Mar-2016 20:46:26.433 INFO [localhost-startStop-1] org.apache.catalina.startup.HostConfig.deployDirectory Deploying web application directory /Users/Nina/git/trading-webpage/apache-tomcat-8.0.32/webapps/examples
05-Mar-2016 20:46:26.638 INFO [localhost-startStop-1] org.apache.jasper.servlet.TldScanner.scanJars At least one JAR was scanned for TLDs yet contained no TLDs. Enable debug logging for this logger for a complete list of JARs that were scanned but no TLDs were found in them. Skipping unneeded JARs during scanning can improve startup time and JSP compilation time.
05-Mar-2016 20:46:26.680 INFO [localhost-startStop-1] org.apache.catalina.startup.HostConfig.deployDirectory Deployment of web application directory /Users/Nina/git/trading-webpage/apache-tomcat-8.0.32/webapps/examples has finished in 247 ms
05-Mar-2016 20:46:26.680 INFO [localhost-startStop-1] org.apache.catalina.startup.HostConfig.deployDirectory Deploying web application directory /Users/Nina/git/trading-webpage/apache-tomcat-8.0.32/webapps/host-manager
05-Mar-2016 20:46:26.760 INFO [localhost-startStop-1] org.apache.jasper.servlet.TldScanner.scanJars At least one JAR was scanned for TLDs yet contained no TLDs. Enable debug logging for this logger for a complete list of JARs that were scanned but no TLDs were found in them. Skipping unneeded JARs during scanning can improve startup time and JSP compilation time.
05-Mar-2016 20:46:26.764 INFO [localhost-startStop-1] org.apache.catalina.startup.HostConfig.deployDirectory Deployment of web application directory /Users/Nina/git/trading-webpage/apache-tomcat-8.0.32/webapps/host-manager has finished in 84 ms
05-Mar-2016 20:46:26.764 INFO [localhost-startStop-1] org.apache.catalina.startup.HostConfig.deployDirectory Deploying web application directory /Users/Nina/git/trading-webpage/apache-tomcat-8.0.32/webapps/images
05-Mar-2016 20:46:26.841 INFO [localhost-startStop-1] org.apache.jasper.servlet.TldScanner.scanJars At least one JAR was scanned for TLDs yet contained no TLDs. Enable debug logging for this logger for a complete list of JARs that were scanned but no TLDs were found in them. Skipping unneeded JARs during scanning can improve startup time and JSP compilation time.
05-Mar-2016 20:46:26.843 INFO [localhost-startStop-1] org.apache.catalina.startup.HostConfig.deployDirectory Deployment of web application directory /Users/Nina/git/trading-webpage/apache-tomcat-8.0.32/webapps/images has finished in 79 ms
05-Mar-2016 20:46:26.843 INFO [localhost-startStop-1] org.apache.catalina.startup.HostConfig.deployDirectory Deploying web application directory /Users/Nina/git/trading-webpage/apache-tomcat-8.0.32/webapps/manager
05-Mar-2016 20:46:26.952 INFO [localhost-startStop-1] org.apache.jasper.servlet.TldScanner.scanJars At least one JAR was scanned for TLDs yet contained no TLDs. Enable debug logging for this logger for a complete list of JARs that were scanned but no TLDs were found in them. Skipping unneeded JARs during scanning can improve startup time and JSP compilation time.
05-Mar-2016 20:46:26.953 INFO [localhost-startStop-1] org.apache.catalina.startup.HostConfig.deployDirectory Deployment of web application directory /Users/Nina/git/trading-webpage/apache-tomcat-8.0.32/webapps/manager has finished in 110 ms
05-Mar-2016 20:46:26.954 INFO [localhost-startStop-1] org.apache.catalina.startup.HostConfig.deployDirectory Deploying web application directory /Users/Nina/git/trading-webpage/apache-tomcat-8.0.32/webapps/ROOT
05-Mar-2016 20:46:27.038 INFO [localhost-startStop-1] org.apache.jasper.servlet.TldScanner.scanJars At least one JAR was scanned for TLDs yet contained no TLDs. Enable debug logging for this logger for a complete list of JARs that were scanned but no TLDs were found in them. Skipping unneeded JARs during scanning can improve startup time and JSP compilation time.
05-Mar-2016 20:46:27.040 INFO [localhost-startStop-1] org.apache.catalina.startup.HostConfig.deployDirectory Deployment of web application directory /Users/Nina/git/trading-webpage/apache-tomcat-8.0.32/webapps/ROOT has finished in 87 ms
05-Mar-2016 20:46:27.044 INFO [main] org.apache.catalina.startup.Catalina.start Server startup in 2018 ms
05-Mar-2016 20:46:27.049 SEVERE [main] org.apache.catalina.core.StandardServer.await StandardServer.await: create[localhost:8005]: 
 java.net.BindException: Address already in use
	at java.net.PlainSocketImpl.socketBind(Native Method)
	at java.net.AbstractPlainSocketImpl.bind(AbstractPlainSocketImpl.java:387)
	at java.net.ServerSocket.bind(ServerSocket.java:375)
	at java.net.ServerSocket.<init>(ServerSocket.java:237)
	at org.apache.catalina.core.StandardServer.await(StandardServer.java:420)
	at org.apache.catalina.startup.Catalina.await(Catalina.java:717)
	at org.apache.catalina.startup.Catalina.start(Catalina.java:663)
	at sun.reflect.NativeMethodAccessorImpl.invoke0(Native Method)
	at sun.reflect.NativeMethodAccessorImpl.invoke(NativeMethodAccessorImpl.java:62)
	at sun.reflect.DelegatingMethodAccessorImpl.invoke(DelegatingMethodAccessorImpl.java:43)
	at java.lang.reflect.Method.invoke(Method.java:497)
	at org.apache.catalina.startup.Bootstrap.start(Bootstrap.java:351)
	at org.apache.catalina.startup.Bootstrap.main(Bootstrap.java:485)

05-Mar-2016 20:46:27.050 INFO [main] org.apache.coyote.AbstractProtocol.pause Pausing ProtocolHandler ["http-nio-8080"]
05-Mar-2016 20:46:27.050 INFO [main] org.apache.coyote.AbstractProtocol.pause Pausing ProtocolHandler ["ajp-nio-8009"]
05-Mar-2016 20:46:27.050 INFO [main] org.apache.catalina.core.StandardService.stopInternal Stopping service Catalina
05-Mar-2016 20:46:27.086 INFO [main] org.apache.coyote.AbstractProtocol.stop Stopping ProtocolHandler ["http-nio-8080"]
05-Mar-2016 20:46:27.086 INFO [main] org.apache.coyote.AbstractProtocol.destroy Destroying ProtocolHandler ["http-nio-8080"]
05-Mar-2016 20:46:27.086 INFO [main] org.apache.coyote.AbstractProtocol.stop Stopping ProtocolHandler ["ajp-nio-8009"]
05-Mar-2016 20:46:27.086 INFO [main] org.apache.coyote.AbstractProtocol.destroy Destroying ProtocolHandler ["ajp-nio-8009"]
05-Mar-2016 21:11:27.221 INFO [ContainerBackgroundProcessor[StandardEngine[Catalina]]] org.apache.catalina.startup.HostConfig.undeploy Undeploying context [/trading_bean]
05-Mar-2016 21:11:27.233 INFO [localhost-startStop-9] org.apache.catalina.startup.HostConfig.deployWAR Deploying web application archive /Users/Nina/git/trading-webpage/apache-tomcat-8.0.32/webapps/trading_bean.war
05-Mar-2016 21:11:27.413 INFO [localhost-startStop-9] org.apache.jasper.servlet.TldScanner.scanJars At least one JAR was scanned for TLDs yet contained no TLDs. Enable debug logging for this logger for a complete list of JARs that were scanned but no TLDs were found in them. Skipping unneeded JARs during scanning can improve startup time and JSP compilation time.
05-Mar-2016 21:11:27.419 INFO [localhost-startStop-9] org.apache.catalina.startup.HostConfig.deployWAR Deployment of web application archive /Users/Nina/git/trading-webpage/apache-tomcat-8.0.32/webapps/trading_bean.war has finished in 186 ms
05-Mar-2016 21:13:36.014 INFO [main] org.apache.catalina.core.StandardServer.await A valid shutdown command was received via the shutdown port. Stopping the Server instance.
05-Mar-2016 21:13:36.015 INFO [main] org.apache.coyote.AbstractProtocol.pause Pausing ProtocolHandler ["http-nio-8080"]
05-Mar-2016 21:13:36.071 INFO [main] org.apache.coyote.AbstractProtocol.pause Pausing ProtocolHandler ["ajp-nio-8009"]
05-Mar-2016 21:13:36.125 INFO [main] org.apache.catalina.core.StandardService.stopInternal Stopping service Catalina
05-Mar-2016 21:13:36.163 INFO [main] org.apache.coyote.AbstractProtocol.stop Stopping ProtocolHandler ["http-nio-8080"]
05-Mar-2016 21:13:36.167 INFO [main] org.apache.coyote.AbstractProtocol.stop Stopping ProtocolHandler ["ajp-nio-8009"]
05-Mar-2016 21:13:36.170 INFO [main] org.apache.coyote.AbstractProtocol.destroy Destroying ProtocolHandler ["http-nio-8080"]
05-Mar-2016 21:13:36.171 INFO [main] org.apache.coyote.AbstractProtocol.destroy Destroying ProtocolHandler ["ajp-nio-8009"]
05-Mar-2016 21:13:38.170 INFO [main] org.apache.catalina.startup.VersionLoggerListener.log Server version:        Apache Tomcat/8.0.32
05-Mar-2016 21:13:38.171 INFO [main] org.apache.catalina.startup.VersionLoggerListener.log Server built:          Feb 2 2016 19:34:53 UTC
05-Mar-2016 21:13:38.172 INFO [main] org.apache.catalina.startup.VersionLoggerListener.log Server number:         8.0.32.0
05-Mar-2016 21:13:38.172 INFO [main] org.apache.catalina.startup.VersionLoggerListener.log OS Name:               Mac OS X
05-Mar-2016 21:13:38.172 INFO [main] org.apache.catalina.startup.VersionLoggerListener.log OS Version:            10.11.3
05-Mar-2016 21:13:38.172 INFO [main] org.apache.catalina.startup.VersionLoggerListener.log Architecture:          x86_64
05-Mar-2016 21:13:38.172 INFO [main] org.apache.catalina.startup.VersionLoggerListener.log Java Home:             /Library/Java/JavaVirtualMachines/jdk1.8.0_60.jdk/Contents/Home/jre
05-Mar-2016 21:13:38.173 INFO [main] org.apache.catalina.startup.VersionLoggerListener.log JVM Version:           1.8.0_60-b27
05-Mar-2016 21:13:38.173 INFO [main] org.apache.catalina.startup.VersionLoggerListener.log JVM Vendor:            Oracle Corporation
05-Mar-2016 21:13:38.173 INFO [main] org.apache.catalina.startup.VersionLoggerListener.log CATALINA_BASE:         /Users/Nina/git/trading-webpage/apache-tomcat-8.0.32
05-Mar-2016 21:13:38.173 INFO [main] org.apache.catalina.startup.VersionLoggerListener.log CATALINA_HOME:         /Users/Nina/git/trading-webpage/apache-tomcat-8.0.32
05-Mar-2016 21:13:38.174 INFO [main] org.apache.catalina.startup.VersionLoggerListener.log Command line argument: -Djava.util.logging.config.file=/Users/Nina/git/trading-webpage/apache-tomcat-8.0.32/conf/logging.properties
05-Mar-2016 21:13:38.174 INFO [main] org.apache.catalina.startup.VersionLoggerListener.log Command line argument: -Djava.util.logging.manager=org.apache.juli.ClassLoaderLogManager
05-Mar-2016 21:13:38.174 INFO [main] org.apache.catalina.startup.VersionLoggerListener.log Command line argument: -Djava.endorsed.dirs=/Users/Nina/git/trading-webpage/apache-tomcat-8.0.32/endorsed
05-Mar-2016 21:13:38.175 INFO [main] org.apache.catalina.startup.VersionLoggerListener.log Command line argument: -Dcatalina.base=/Users/Nina/git/trading-webpage/apache-tomcat-8.0.32
05-Mar-2016 21:13:38.175 INFO [main] org.apache.catalina.startup.VersionLoggerListener.log Command line argument: -Dcatalina.home=/Users/Nina/git/trading-webpage/apache-tomcat-8.0.32
05-Mar-2016 21:13:38.175 INFO [main] org.apache.catalina.startup.VersionLoggerListener.log Command line argument: -Djava.io.tmpdir=/Users/Nina/git/trading-webpage/apache-tomcat-8.0.32/temp
05-Mar-2016 21:13:38.175 INFO [main] org.apache.catalina.core.AprLifecycleListener.lifecycleEvent The APR based Apache Tomcat Native library which allows optimal performance in production environments was not found on the java.library.path: /Users/Nina/Library/Java/Extensions:/Library/Java/Extensions:/Network/Library/Java/Extensions:/System/Library/Java/Extensions:/usr/lib/java:.
05-Mar-2016 21:13:38.334 INFO [main] org.apache.coyote.AbstractProtocol.init Initializing ProtocolHandler ["http-nio-8080"]
05-Mar-2016 21:13:38.362 INFO [main] org.apache.tomcat.util.net.NioSelectorPool.getSharedSelector Using a shared selector for servlet write/read
05-Mar-2016 21:13:38.365 INFO [main] org.apache.coyote.AbstractProtocol.init Initializing ProtocolHandler ["ajp-nio-8009"]
05-Mar-2016 21:13:38.367 INFO [main] org.apache.tomcat.util.net.NioSelectorPool.getSharedSelector Using a shared selector for servlet write/read
05-Mar-2016 21:13:38.368 INFO [main] org.apache.catalina.startup.Catalina.load Initialization processed in 576 ms
05-Mar-2016 21:13:38.385 INFO [main] org.apache.catalina.core.StandardService.startInternal Starting service Catalina
05-Mar-2016 21:13:38.385 INFO [main] org.apache.catalina.core.StandardEngine.startInternal Starting Servlet Engine: Apache Tomcat/8.0.32
05-Mar-2016 21:13:38.403 INFO [localhost-startStop-1] org.apache.catalina.startup.HostConfig.deployWAR Deploying web application archive /Users/Nina/git/trading-webpage/apache-tomcat-8.0.32/webapps/forum_bean.war
05-Mar-2016 21:13:38.782 INFO [localhost-startStop-1] org.apache.jasper.servlet.TldScanner.scanJars At least one JAR was scanned for TLDs yet contained no TLDs. Enable debug logging for this logger for a complete list of JARs that were scanned but no TLDs were found in them. Skipping unneeded JARs during scanning can improve startup time and JSP compilation time.
05-Mar-2016 21:13:38.883 INFO [localhost-startStop-1] org.apache.catalina.startup.HostConfig.deployWAR Deployment of web application archive /Users/Nina/git/trading-webpage/apache-tomcat-8.0.32/webapps/forum_bean.war has finished in 479 ms
05-Mar-2016 21:13:38.884 INFO [localhost-startStop-1] org.apache.catalina.startup.HostConfig.deployWAR Deploying web application archive /Users/Nina/git/trading-webpage/apache-tomcat-8.0.32/webapps/forum_mvc_jdbc.war
05-Mar-2016 21:13:39.193 INFO [localhost-startStop-1] org.apache.jasper.servlet.TldScanner.scanJars At least one JAR was scanned for TLDs yet contained no TLDs. Enable debug logging for this logger for a complete list of JARs that were scanned but no TLDs were found in them. Skipping unneeded JARs during scanning can improve startup time and JSP compilation time.
05-Mar-2016 21:13:39.209 INFO [localhost-startStop-1] org.apache.catalina.startup.HostConfig.deployWAR Deployment of web application archive /Users/Nina/git/trading-webpage/apache-tomcat-8.0.32/webapps/forum_mvc_jdbc.war has finished in 325 ms
05-Mar-2016 21:13:39.209 INFO [localhost-startStop-1] org.apache.catalina.startup.HostConfig.deployWAR Deploying web application archive /Users/Nina/git/trading-webpage/apache-tomcat-8.0.32/webapps/trading_bean.war
05-Mar-2016 21:13:39.214 INFO [localhost-startStop-1] org.apache.catalina.startup.ExpandWar.expand An expanded directory [/Users/Nina/git/trading-webpage/apache-tomcat-8.0.32/webapps/trading_bean] was found with a last modified time that did not match the associated WAR. It will be deleted.
05-Mar-2016 21:13:39.623 INFO [localhost-startStop-1] org.apache.jasper.servlet.TldScanner.scanJars At least one JAR was scanned for TLDs yet contained no TLDs. Enable debug logging for this logger for a complete list of JARs that were scanned but no TLDs were found in them. Skipping unneeded JARs during scanning can improve startup time and JSP compilation time.
05-Mar-2016 21:13:39.641 INFO [localhost-startStop-1] org.apache.catalina.startup.HostConfig.deployWAR Deployment of web application archive /Users/Nina/git/trading-webpage/apache-tomcat-8.0.32/webapps/trading_bean.war has finished in 432 ms
05-Mar-2016 21:13:39.643 INFO [localhost-startStop-1] org.apache.catalina.startup.HostConfig.deployWAR Deploying web application archive /Users/Nina/git/trading-webpage/apache-tomcat-8.0.32/webapps/trading_bean2.war
05-Mar-2016 21:13:39.765 INFO [localhost-startStop-1] org.apache.jasper.servlet.TldScanner.scanJars At least one JAR was scanned for TLDs yet contained no TLDs. Enable debug logging for this logger for a complete list of JARs that were scanned but no TLDs were found in them. Skipping unneeded JARs during scanning can improve startup time and JSP compilation time.
05-Mar-2016 21:13:39.768 INFO [localhost-startStop-1] org.apache.catalina.startup.HostConfig.deployWAR Deployment of web application archive /Users/Nina/git/trading-webpage/apache-tomcat-8.0.32/webapps/trading_bean2.war has finished in 125 ms
05-Mar-2016 21:13:39.770 INFO [localhost-startStop-1] org.apache.catalina.startup.HostConfig.deployDirectory Deploying web application directory /Users/Nina/git/trading-webpage/apache-tomcat-8.0.32/webapps/css
05-Mar-2016 21:13:39.867 INFO [localhost-startStop-1] org.apache.jasper.servlet.TldScanner.scanJars At least one JAR was scanned for TLDs yet contained no TLDs. Enable debug logging for this logger for a complete list of JARs that were scanned but no TLDs were found in them. Skipping unneeded JARs during scanning can improve startup time and JSP compilation time.
05-Mar-2016 21:13:39.870 INFO [localhost-startStop-1] org.apache.catalina.startup.HostConfig.deployDirectory Deployment of web application directory /Users/Nina/git/trading-webpage/apache-tomcat-8.0.32/webapps/css has finished in 100 ms
05-Mar-2016 21:13:39.871 INFO [localhost-startStop-1] org.apache.catalina.startup.HostConfig.deployDirectory Deploying web application directory /Users/Nina/git/trading-webpage/apache-tomcat-8.0.32/webapps/docs
05-Mar-2016 21:13:39.947 INFO [localhost-startStop-1] org.apache.jasper.servlet.TldScanner.scanJars At least one JAR was scanned for TLDs yet contained no TLDs. Enable debug logging for this logger for a complete list of JARs that were scanned but no TLDs were found in them. Skipping unneeded JARs during scanning can improve startup time and JSP compilation time.
05-Mar-2016 21:13:39.949 INFO [localhost-startStop-1] org.apache.catalina.startup.HostConfig.deployDirectory Deployment of web application directory /Users/Nina/git/trading-webpage/apache-tomcat-8.0.32/webapps/docs has finished in 78 ms
05-Mar-2016 21:13:39.950 INFO [localhost-startStop-1] org.apache.catalina.startup.HostConfig.deployDirectory Deploying web application directory /Users/Nina/git/trading-webpage/apache-tomcat-8.0.32/webapps/examples
05-Mar-2016 21:13:40.187 INFO [localhost-startStop-1] org.apache.jasper.servlet.TldScanner.scanJars At least one JAR was scanned for TLDs yet contained no TLDs. Enable debug logging for this logger for a complete list of JARs that were scanned but no TLDs were found in them. Skipping unneeded JARs during scanning can improve startup time and JSP compilation time.
05-Mar-2016 21:13:40.234 INFO [localhost-startStop-1] org.apache.catalina.startup.HostConfig.deployDirectory Deployment of web application directory /Users/Nina/git/trading-webpage/apache-tomcat-8.0.32/webapps/examples has finished in 285 ms
05-Mar-2016 21:13:40.235 INFO [localhost-startStop-1] org.apache.catalina.startup.HostConfig.deployDirectory Deploying web application directory /Users/Nina/git/trading-webpage/apache-tomcat-8.0.32/webapps/host-manager
05-Mar-2016 21:13:40.356 INFO [localhost-startStop-1] org.apache.jasper.servlet.TldScanner.scanJars At least one JAR was scanned for TLDs yet contained no TLDs. Enable debug logging for this logger for a complete list of JARs that were scanned but no TLDs were found in them. Skipping unneeded JARs during scanning can improve startup time and JSP compilation time.
05-Mar-2016 21:13:40.360 INFO [localhost-startStop-1] org.apache.catalina.startup.HostConfig.deployDirectory Deployment of web application directory /Users/Nina/git/trading-webpage/apache-tomcat-8.0.32/webapps/host-manager has finished in 125 ms
05-Mar-2016 21:13:40.361 INFO [localhost-startStop-1] org.apache.catalina.startup.HostConfig.deployDirectory Deploying web application directory /Users/Nina/git/trading-webpage/apache-tomcat-8.0.32/webapps/images
05-Mar-2016 21:13:40.471 INFO [localhost-startStop-1] org.apache.jasper.servlet.TldScanner.scanJars At least one JAR was scanned for TLDs yet contained no TLDs. Enable debug logging for this logger for a complete list of JARs that were scanned but no TLDs were found in them. Skipping unneeded JARs during scanning can improve startup time and JSP compilation time.
05-Mar-2016 21:13:40.473 INFO [localhost-startStop-1] org.apache.catalina.startup.HostConfig.deployDirectory Deployment of web application directory /Users/Nina/git/trading-webpage/apache-tomcat-8.0.32/webapps/images has finished in 112 ms
05-Mar-2016 21:13:40.473 INFO [localhost-startStop-1] org.apache.catalina.startup.HostConfig.deployDirectory Deploying web application directory /Users/Nina/git/trading-webpage/apache-tomcat-8.0.32/webapps/manager
05-Mar-2016 21:13:40.577 INFO [localhost-startStop-1] org.apache.jasper.servlet.TldScanner.scanJars At least one JAR was scanned for TLDs yet contained no TLDs. Enable debug logging for this logger for a complete list of JARs that were scanned but no TLDs were found in them. Skipping unneeded JARs during scanning can improve startup time and JSP compilation time.
05-Mar-2016 21:13:40.580 INFO [localhost-startStop-1] org.apache.catalina.startup.HostConfig.deployDirectory Deployment of web application directory /Users/Nina/git/trading-webpage/apache-tomcat-8.0.32/webapps/manager has finished in 106 ms
05-Mar-2016 21:13:40.580 INFO [localhost-startStop-1] org.apache.catalina.startup.HostConfig.deployDirectory Deploying web application directory /Users/Nina/git/trading-webpage/apache-tomcat-8.0.32/webapps/ROOT
05-Mar-2016 21:13:40.704 INFO [localhost-startStop-1] org.apache.jasper.servlet.TldScanner.scanJars At least one JAR was scanned for TLDs yet contained no TLDs. Enable debug logging for this logger for a complete list of JARs that were scanned but no TLDs were found in them. Skipping unneeded JARs during scanning can improve startup time and JSP compilation time.
05-Mar-2016 21:13:40.705 INFO [localhost-startStop-1] org.apache.catalina.startup.HostConfig.deployDirectory Deployment of web application directory /Users/Nina/git/trading-webpage/apache-tomcat-8.0.32/webapps/ROOT has finished in 125 ms
05-Mar-2016 21:13:40.709 INFO [main] org.apache.coyote.AbstractProtocol.start Starting ProtocolHandler ["http-nio-8080"]
05-Mar-2016 21:13:40.717 INFO [main] org.apache.coyote.AbstractProtocol.start Starting ProtocolHandler ["ajp-nio-8009"]
05-Mar-2016 21:13:40.719 INFO [main] org.apache.catalina.startup.Catalina.start Server startup in 2350 ms
05-Mar-2016 21:14:30.737 INFO [ContainerBackgroundProcessor[StandardEngine[Catalina]]] org.apache.catalina.startup.HostConfig.undeploy Undeploying context [/trading_bean]
05-Mar-2016 21:14:30.756 WARNING [ContainerBackgroundProcessor[StandardEngine[Catalina]]] org.apache.catalina.loader.WebappClassLoaderBase.clearReferencesThreads The web application [trading_bean] appears to have started a thread named [Abandoned connection cleanup thread] but has failed to stop it. This is very likely to create a memory leak. Stack trace of thread:
 java.lang.Object.wait(Native Method)
 java.lang.ref.ReferenceQueue.remove(ReferenceQueue.java:143)
 com.mysql.jdbc.AbandonedConnectionCleanupThread.run(AbandonedConnectionCleanupThread.java:43)
05-Mar-2016 21:14:30.763 INFO [localhost-startStop-2] org.apache.catalina.startup.HostConfig.deployWAR Deploying web application archive /Users/Nina/git/trading-webpage/apache-tomcat-8.0.32/webapps/trading_bean.war
05-Mar-2016 21:14:30.945 INFO [localhost-startStop-2] org.apache.jasper.servlet.TldScanner.scanJars At least one JAR was scanned for TLDs yet contained no TLDs. Enable debug logging for this logger for a complete list of JARs that were scanned but no TLDs were found in them. Skipping unneeded JARs during scanning can improve startup time and JSP compilation time.
05-Mar-2016 21:14:30.958 INFO [localhost-startStop-2] org.apache.catalina.startup.HostConfig.deployWAR Deployment of web application archive /Users/Nina/git/trading-webpage/apache-tomcat-8.0.32/webapps/trading_bean.war has finished in 194 ms
05-Mar-2016 21:23:01.252 INFO [ContainerBackgroundProcessor[StandardEngine[Catalina]]] org.apache.catalina.startup.HostConfig.undeploy Undeploying context [/trading_bean]
05-Mar-2016 21:23:01.270 INFO [localhost-startStop-3] org.apache.catalina.startup.HostConfig.deployWAR Deploying web application archive /Users/Nina/git/trading-webpage/apache-tomcat-8.0.32/webapps/trading_bean.war
05-Mar-2016 21:23:01.514 INFO [localhost-startStop-3] org.apache.jasper.servlet.TldScanner.scanJars At least one JAR was scanned for TLDs yet contained no TLDs. Enable debug logging for this logger for a complete list of JARs that were scanned but no TLDs were found in them. Skipping unneeded JARs during scanning can improve startup time and JSP compilation time.
05-Mar-2016 21:23:01.525 INFO [localhost-startStop-3] org.apache.catalina.startup.HostConfig.deployWAR Deployment of web application archive /Users/Nina/git/trading-webpage/apache-tomcat-8.0.32/webapps/trading_bean.war has finished in 255 ms
05-Mar-2016 21:25:21.609 INFO [ContainerBackgroundProcessor[StandardEngine[Catalina]]] org.apache.catalina.startup.HostConfig.undeploy Undeploying context [/trading_bean]
05-Mar-2016 21:25:21.624 INFO [localhost-startStop-4] org.apache.catalina.startup.HostConfig.deployWAR Deploying web application archive /Users/Nina/git/trading-webpage/apache-tomcat-8.0.32/webapps/trading_bean.war
05-Mar-2016 21:25:21.893 INFO [localhost-startStop-4] org.apache.jasper.servlet.TldScanner.scanJars At least one JAR was scanned for TLDs yet contained no TLDs. Enable debug logging for this logger for a complete list of JARs that were scanned but no TLDs were found in them. Skipping unneeded JARs during scanning can improve startup time and JSP compilation time.
05-Mar-2016 21:25:21.904 INFO [localhost-startStop-4] org.apache.catalina.startup.HostConfig.deployWAR Deployment of web application archive /Users/Nina/git/trading-webpage/apache-tomcat-8.0.32/webapps/trading_bean.war has finished in 279 ms
05-Mar-2016 21:26:11.924 INFO [ContainerBackgroundProcessor[StandardEngine[Catalina]]] org.apache.catalina.startup.HostConfig.undeploy Undeploying context [/trading_bean]
05-Mar-2016 21:26:11.935 INFO [localhost-startStop-5] org.apache.catalina.startup.HostConfig.deployWAR Deploying web application archive /Users/Nina/git/trading-webpage/apache-tomcat-8.0.32/webapps/trading_bean.war
05-Mar-2016 21:26:12.131 INFO [localhost-startStop-5] org.apache.jasper.servlet.TldScanner.scanJars At least one JAR was scanned for TLDs yet contained no TLDs. Enable debug logging for this logger for a complete list of JARs that were scanned but no TLDs were found in them. Skipping unneeded JARs during scanning can improve startup time and JSP compilation time.
05-Mar-2016 21:26:12.141 INFO [localhost-startStop-5] org.apache.catalina.startup.HostConfig.deployWAR Deployment of web application archive /Users/Nina/git/trading-webpage/apache-tomcat-8.0.32/webapps/trading_bean.war has finished in 206 ms
05-Mar-2016 21:33:12.352 INFO [ContainerBackgroundProcessor[StandardEngine[Catalina]]] org.apache.catalina.startup.HostConfig.undeploy Undeploying context [/trading_bean]
05-Mar-2016 21:33:12.368 INFO [localhost-startStop-6] org.apache.catalina.startup.HostConfig.deployWAR Deploying web application archive /Users/Nina/git/trading-webpage/apache-tomcat-8.0.32/webapps/trading_bean.war
05-Mar-2016 21:33:12.564 INFO [localhost-startStop-6] org.apache.jasper.servlet.TldScanner.scanJars At least one JAR was scanned for TLDs yet contained no TLDs. Enable debug logging for this logger for a complete list of JARs that were scanned but no TLDs were found in them. Skipping unneeded JARs during scanning can improve startup time and JSP compilation time.
05-Mar-2016 21:33:12.573 INFO [localhost-startStop-6] org.apache.catalina.startup.HostConfig.deployWAR Deployment of web application archive /Users/Nina/git/trading-webpage/apache-tomcat-8.0.32/webapps/trading_bean.war has finished in 204 ms
05-Mar-2016 21:36:22.666 INFO [ContainerBackgroundProcessor[StandardEngine[Catalina]]] org.apache.catalina.startup.HostConfig.undeploy Undeploying context [/trading_bean]
05-Mar-2016 21:36:22.682 INFO [localhost-startStop-7] org.apache.catalina.startup.HostConfig.deployWAR Deploying web application archive /Users/Nina/git/trading-webpage/apache-tomcat-8.0.32/webapps/trading_bean.war
05-Mar-2016 21:36:22.972 INFO [localhost-startStop-7] org.apache.jasper.servlet.TldScanner.scanJars At least one JAR was scanned for TLDs yet contained no TLDs. Enable debug logging for this logger for a complete list of JARs that were scanned but no TLDs were found in them. Skipping unneeded JARs during scanning can improve startup time and JSP compilation time.
05-Mar-2016 21:36:22.979 INFO [localhost-startStop-7] org.apache.catalina.startup.HostConfig.deployWAR Deployment of web application archive /Users/Nina/git/trading-webpage/apache-tomcat-8.0.32/webapps/trading_bean.war has finished in 297 ms
05-Mar-2016 21:38:23.040 INFO [ContainerBackgroundProcessor[StandardEngine[Catalina]]] org.apache.catalina.startup.HostConfig.undeploy Undeploying context [/trading_bean]
05-Mar-2016 21:38:23.051 INFO [localhost-startStop-8] org.apache.catalina.startup.HostConfig.deployWAR Deploying web application archive /Users/Nina/git/trading-webpage/apache-tomcat-8.0.32/webapps/trading_bean.war
05-Mar-2016 21:38:23.166 INFO [localhost-startStop-8] org.apache.jasper.servlet.TldScanner.scanJars At least one JAR was scanned for TLDs yet contained no TLDs. Enable debug logging for this logger for a complete list of JARs that were scanned but no TLDs were found in them. Skipping unneeded JARs during scanning can improve startup time and JSP compilation time.
05-Mar-2016 21:38:23.170 INFO [localhost-startStop-8] org.apache.catalina.startup.HostConfig.deployWAR Deployment of web application archive /Users/Nina/git/trading-webpage/apache-tomcat-8.0.32/webapps/trading_bean.war has finished in 119 ms
05-Mar-2016 21:40:13.226 INFO [ContainerBackgroundProcessor[StandardEngine[Catalina]]] org.apache.catalina.startup.HostConfig.undeploy Undeploying context [/trading_bean]
05-Mar-2016 21:40:13.238 INFO [localhost-startStop-9] org.apache.catalina.startup.HostConfig.deployWAR Deploying web application archive /Users/Nina/git/trading-webpage/apache-tomcat-8.0.32/webapps/trading_bean.war
05-Mar-2016 21:40:13.391 INFO [localhost-startStop-9] org.apache.jasper.servlet.TldScanner.scanJars At least one JAR was scanned for TLDs yet contained no TLDs. Enable debug logging for this logger for a complete list of JARs that were scanned but no TLDs were found in them. Skipping unneeded JARs during scanning can improve startup time and JSP compilation time.
05-Mar-2016 21:40:13.395 INFO [localhost-startStop-9] org.apache.catalina.startup.HostConfig.deployWAR Deployment of web application archive /Users/Nina/git/trading-webpage/apache-tomcat-8.0.32/webapps/trading_bean.war has finished in 157 ms
05-Mar-2016 21:41:33.434 INFO [ContainerBackgroundProcessor[StandardEngine[Catalina]]] org.apache.catalina.startup.HostConfig.undeploy Undeploying context [/trading_bean]
05-Mar-2016 21:41:33.445 INFO [localhost-startStop-10] org.apache.catalina.startup.HostConfig.deployWAR Deploying web application archive /Users/Nina/git/trading-webpage/apache-tomcat-8.0.32/webapps/trading_bean.war
05-Mar-2016 21:41:33.596 INFO [localhost-startStop-10] org.apache.jasper.servlet.TldScanner.scanJars At least one JAR was scanned for TLDs yet contained no TLDs. Enable debug logging for this logger for a complete list of JARs that were scanned but no TLDs were found in them. Skipping unneeded JARs during scanning can improve startup time and JSP compilation time.
05-Mar-2016 21:41:33.606 INFO [localhost-startStop-10] org.apache.catalina.startup.HostConfig.deployWAR Deployment of web application archive /Users/Nina/git/trading-webpage/apache-tomcat-8.0.32/webapps/trading_bean.war has finished in 161 ms
05-Mar-2016 22:13:14.510 INFO [ContainerBackgroundProcessor[StandardEngine[Catalina]]] org.apache.catalina.startup.HostConfig.undeploy Undeploying context [/trading_bean]
05-Mar-2016 22:13:14.521 INFO [localhost-startStop-11] org.apache.catalina.startup.HostConfig.deployWAR Deploying web application archive /Users/Nina/git/trading-webpage/apache-tomcat-8.0.32/webapps/trading_bean.war
05-Mar-2016 22:13:14.700 INFO [localhost-startStop-11] org.apache.jasper.servlet.TldScanner.scanJars At least one JAR was scanned for TLDs yet contained no TLDs. Enable debug logging for this logger for a complete list of JARs that were scanned but no TLDs were found in them. Skipping unneeded JARs during scanning can improve startup time and JSP compilation time.
05-Mar-2016 22:13:14.705 INFO [localhost-startStop-11] org.apache.catalina.startup.HostConfig.deployWAR Deployment of web application archive /Users/Nina/git/trading-webpage/apache-tomcat-8.0.32/webapps/trading_bean.war has finished in 184 ms
05-Mar-2016 22:38:04.428 INFO [ContainerBackgroundProcessor[StandardEngine[Catalina]]] org.apache.catalina.startup.HostConfig.undeploy Undeploying context [/trading_bean]
05-Mar-2016 22:38:04.594 INFO [localhost-startStop-3] org.apache.catalina.startup.HostConfig.deployWAR Deploying web application archive /Users/Eric/git/trading-webpage/apache-tomcat-8.0.32/webapps/trading_bean.war
05-Mar-2016 22:38:05.203 INFO [localhost-startStop-3] org.apache.jasper.servlet.TldScanner.scanJars At least one JAR was scanned for TLDs yet contained no TLDs. Enable debug logging for this logger for a complete list of JARs that were scanned but no TLDs were found in them. Skipping unneeded JARs during scanning can improve startup time and JSP compilation time.
05-Mar-2016 22:38:05.224 INFO [localhost-startStop-3] org.apache.catalina.startup.HostConfig.deployWAR Deployment of web application archive /Users/Eric/git/trading-webpage/apache-tomcat-8.0.32/webapps/trading_bean.war has finished in 630 ms
05-Mar-2016 22:41:04.069 INFO [main] org.apache.catalina.core.StandardServer.await A valid shutdown command was received via the shutdown port. Stopping the Server instance.
05-Mar-2016 22:41:04.071 INFO [main] org.apache.coyote.AbstractProtocol.pause Pausing ProtocolHandler ["http-nio-8080"]
05-Mar-2016 22:41:04.128 INFO [main] org.apache.coyote.AbstractProtocol.pause Pausing ProtocolHandler ["ajp-nio-8009"]
05-Mar-2016 22:41:04.183 INFO [main] org.apache.catalina.core.StandardService.stopInternal Stopping service Catalina
05-Mar-2016 22:41:04.232 INFO [main] org.apache.coyote.AbstractProtocol.stop Stopping ProtocolHandler ["http-nio-8080"]
05-Mar-2016 22:41:04.236 INFO [main] org.apache.coyote.AbstractProtocol.stop Stopping ProtocolHandler ["ajp-nio-8009"]
05-Mar-2016 22:41:04.237 INFO [main] org.apache.coyote.AbstractProtocol.destroy Destroying ProtocolHandler ["http-nio-8080"]
05-Mar-2016 22:41:04.238 INFO [main] org.apache.coyote.AbstractProtocol.destroy Destroying ProtocolHandler ["ajp-nio-8009"]
05-Mar-2016 22:41:07.578 INFO [main] org.apache.catalina.startup.VersionLoggerListener.log Server version:        Apache Tomcat/8.0.32
05-Mar-2016 22:41:07.580 INFO [main] org.apache.catalina.startup.VersionLoggerListener.log Server built:          Feb 2 2016 19:34:53 UTC
05-Mar-2016 22:41:07.580 INFO [main] org.apache.catalina.startup.VersionLoggerListener.log Server number:         8.0.32.0
05-Mar-2016 22:41:07.581 INFO [main] org.apache.catalina.startup.VersionLoggerListener.log OS Name:               Mac OS X
05-Mar-2016 22:41:07.581 INFO [main] org.apache.catalina.startup.VersionLoggerListener.log OS Version:            10.10.4
05-Mar-2016 22:41:07.581 INFO [main] org.apache.catalina.startup.VersionLoggerListener.log Architecture:          x86_64
05-Mar-2016 22:41:07.581 INFO [main] org.apache.catalina.startup.VersionLoggerListener.log Java Home:             /Library/Java/JavaVirtualMachines/jdk1.8.0_60.jdk/Contents/Home/jre
05-Mar-2016 22:41:07.581 INFO [main] org.apache.catalina.startup.VersionLoggerListener.log JVM Version:           1.8.0_60-b27
05-Mar-2016 22:41:07.581 INFO [main] org.apache.catalina.startup.VersionLoggerListener.log JVM Vendor:            Oracle Corporation
05-Mar-2016 22:41:07.581 INFO [main] org.apache.catalina.startup.VersionLoggerListener.log CATALINA_BASE:         /Users/Eric/git/trading-webpage/apache-tomcat-8.0.32
05-Mar-2016 22:41:07.582 INFO [main] org.apache.catalina.startup.VersionLoggerListener.log CATALINA_HOME:         /Users/Eric/git/trading-webpage/apache-tomcat-8.0.32
05-Mar-2016 22:41:07.582 INFO [main] org.apache.catalina.startup.VersionLoggerListener.log Command line argument: -Djava.util.logging.config.file=/Users/Eric/git/trading-webpage/apache-tomcat-8.0.32/conf/logging.properties
05-Mar-2016 22:41:07.583 INFO [main] org.apache.catalina.startup.VersionLoggerListener.log Command line argument: -Djava.util.logging.manager=org.apache.juli.ClassLoaderLogManager
05-Mar-2016 22:41:07.583 INFO [main] org.apache.catalina.startup.VersionLoggerListener.log Command line argument: -Djava.endorsed.dirs=/Users/Eric/git/trading-webpage/apache-tomcat-8.0.32/endorsed
05-Mar-2016 22:41:07.583 INFO [main] org.apache.catalina.startup.VersionLoggerListener.log Command line argument: -Dcatalina.base=/Users/Eric/git/trading-webpage/apache-tomcat-8.0.32
05-Mar-2016 22:41:07.584 INFO [main] org.apache.catalina.startup.VersionLoggerListener.log Command line argument: -Dcatalina.home=/Users/Eric/git/trading-webpage/apache-tomcat-8.0.32
05-Mar-2016 22:41:07.584 INFO [main] org.apache.catalina.startup.VersionLoggerListener.log Command line argument: -Djava.io.tmpdir=/Users/Eric/git/trading-webpage/apache-tomcat-8.0.32/temp
05-Mar-2016 22:41:07.584 INFO [main] org.apache.catalina.core.AprLifecycleListener.lifecycleEvent The APR based Apache Tomcat Native library which allows optimal performance in production environments was not found on the java.library.path: /Users/Eric/Library/Java/Extensions:/Library/Java/Extensions:/Network/Library/Java/Extensions:/System/Library/Java/Extensions:/usr/lib/java:.
05-Mar-2016 22:41:07.844 INFO [main] org.apache.coyote.AbstractProtocol.init Initializing ProtocolHandler ["http-nio-8080"]
05-Mar-2016 22:41:07.883 INFO [main] org.apache.tomcat.util.net.NioSelectorPool.getSharedSelector Using a shared selector for servlet write/read
05-Mar-2016 22:41:07.886 INFO [main] org.apache.coyote.AbstractProtocol.init Initializing ProtocolHandler ["ajp-nio-8009"]
05-Mar-2016 22:41:07.888 INFO [main] org.apache.tomcat.util.net.NioSelectorPool.getSharedSelector Using a shared selector for servlet write/read
05-Mar-2016 22:41:07.888 INFO [main] org.apache.catalina.startup.Catalina.load Initialization processed in 973 ms
05-Mar-2016 22:41:07.916 INFO [main] org.apache.catalina.core.StandardService.startInternal Starting service Catalina
05-Mar-2016 22:41:07.916 INFO [main] org.apache.catalina.core.StandardEngine.startInternal Starting Servlet Engine: Apache Tomcat/8.0.32
05-Mar-2016 22:41:07.940 INFO [localhost-startStop-1] org.apache.catalina.startup.HostConfig.deployWAR Deploying web application archive /Users/Eric/git/trading-webpage/apache-tomcat-8.0.32/webapps/forum_bean.war
05-Mar-2016 22:41:08.434 INFO [localhost-startStop-1] org.apache.jasper.servlet.TldScanner.scanJars At least one JAR was scanned for TLDs yet contained no TLDs. Enable debug logging for this logger for a complete list of JARs that were scanned but no TLDs were found in them. Skipping unneeded JARs during scanning can improve startup time and JSP compilation time.
05-Mar-2016 22:41:08.574 INFO [localhost-startStop-1] org.apache.catalina.startup.HostConfig.deployWAR Deployment of web application archive /Users/Eric/git/trading-webpage/apache-tomcat-8.0.32/webapps/forum_bean.war has finished in 633 ms
05-Mar-2016 22:41:08.576 INFO [localhost-startStop-1] org.apache.catalina.startup.HostConfig.deployWAR Deploying web application archive /Users/Eric/git/trading-webpage/apache-tomcat-8.0.32/webapps/forum_mvc_jdbc.war
05-Mar-2016 22:41:08.984 INFO [localhost-startStop-1] org.apache.jasper.servlet.TldScanner.scanJars At least one JAR was scanned for TLDs yet contained no TLDs. Enable debug logging for this logger for a complete list of JARs that were scanned but no TLDs were found in them. Skipping unneeded JARs during scanning can improve startup time and JSP compilation time.
05-Mar-2016 22:41:08.998 INFO [localhost-startStop-1] org.apache.catalina.startup.HostConfig.deployWAR Deployment of web application archive /Users/Eric/git/trading-webpage/apache-tomcat-8.0.32/webapps/forum_mvc_jdbc.war has finished in 422 ms
05-Mar-2016 22:41:08.999 INFO [localhost-startStop-1] org.apache.catalina.startup.HostConfig.deployWAR Deploying web application archive /Users/Eric/git/trading-webpage/apache-tomcat-8.0.32/webapps/trading_bean.war
05-Mar-2016 22:41:09.294 INFO [localhost-startStop-1] org.apache.jasper.servlet.TldScanner.scanJars At least one JAR was scanned for TLDs yet contained no TLDs. Enable debug logging for this logger for a complete list of JARs that were scanned but no TLDs were found in them. Skipping unneeded JARs during scanning can improve startup time and JSP compilation time.
05-Mar-2016 22:41:09.303 INFO [localhost-startStop-1] org.apache.catalina.startup.HostConfig.deployWAR Deployment of web application archive /Users/Eric/git/trading-webpage/apache-tomcat-8.0.32/webapps/trading_bean.war has finished in 304 ms
05-Mar-2016 22:41:09.310 INFO [localhost-startStop-1] org.apache.catalina.startup.HostConfig.deployWAR Deploying web application archive /Users/Eric/git/trading-webpage/apache-tomcat-8.0.32/webapps/trading_bean2.war
05-Mar-2016 22:41:09.426 INFO [localhost-startStop-1] org.apache.jasper.servlet.TldScanner.scanJars At least one JAR was scanned for TLDs yet contained no TLDs. Enable debug logging for this logger for a complete list of JARs that were scanned but no TLDs were found in them. Skipping unneeded JARs during scanning can improve startup time and JSP compilation time.
05-Mar-2016 22:41:09.428 INFO [localhost-startStop-1] org.apache.catalina.startup.HostConfig.deployWAR Deployment of web application archive /Users/Eric/git/trading-webpage/apache-tomcat-8.0.32/webapps/trading_bean2.war has finished in 118 ms
05-Mar-2016 22:41:09.431 INFO [localhost-startStop-1] org.apache.catalina.startup.HostConfig.deployDirectory Deploying web application directory /Users/Eric/git/trading-webpage/apache-tomcat-8.0.32/webapps/css
05-Mar-2016 22:41:09.532 INFO [localhost-startStop-1] org.apache.jasper.servlet.TldScanner.scanJars At least one JAR was scanned for TLDs yet contained no TLDs. Enable debug logging for this logger for a complete list of JARs that were scanned but no TLDs were found in them. Skipping unneeded JARs during scanning can improve startup time and JSP compilation time.
05-Mar-2016 22:41:09.535 INFO [localhost-startStop-1] org.apache.catalina.startup.HostConfig.deployDirectory Deployment of web application directory /Users/Eric/git/trading-webpage/apache-tomcat-8.0.32/webapps/css has finished in 103 ms
05-Mar-2016 22:41:09.535 INFO [localhost-startStop-1] org.apache.catalina.startup.HostConfig.deployDirectory Deploying web application directory /Users/Eric/git/trading-webpage/apache-tomcat-8.0.32/webapps/docs
05-Mar-2016 22:41:09.635 INFO [localhost-startStop-1] org.apache.jasper.servlet.TldScanner.scanJars At least one JAR was scanned for TLDs yet contained no TLDs. Enable debug logging for this logger for a complete list of JARs that were scanned but no TLDs were found in them. Skipping unneeded JARs during scanning can improve startup time and JSP compilation time.
05-Mar-2016 22:41:09.637 INFO [localhost-startStop-1] org.apache.catalina.startup.HostConfig.deployDirectory Deployment of web application directory /Users/Eric/git/trading-webpage/apache-tomcat-8.0.32/webapps/docs has finished in 102 ms
05-Mar-2016 22:41:09.637 INFO [localhost-startStop-1] org.apache.catalina.startup.HostConfig.deployDirectory Deploying web application directory /Users/Eric/git/trading-webpage/apache-tomcat-8.0.32/webapps/examples
05-Mar-2016 22:41:09.960 INFO [localhost-startStop-1] org.apache.jasper.servlet.TldScanner.scanJars At least one JAR was scanned for TLDs yet contained no TLDs. Enable debug logging for this logger for a complete list of JARs that were scanned but no TLDs were found in them. Skipping unneeded JARs during scanning can improve startup time and JSP compilation time.
05-Mar-2016 22:41:10.006 INFO [localhost-startStop-1] org.apache.catalina.startup.HostConfig.deployDirectory Deployment of web application directory /Users/Eric/git/trading-webpage/apache-tomcat-8.0.32/webapps/examples has finished in 368 ms
05-Mar-2016 22:41:10.006 INFO [localhost-startStop-1] org.apache.catalina.startup.HostConfig.deployDirectory Deploying web application directory /Users/Eric/git/trading-webpage/apache-tomcat-8.0.32/webapps/host-manager
05-Mar-2016 22:41:10.030 INFO [localhost-startStop-1] org.apache.catalina.startup.HostConfig.deployDirectory Deployment of web application directory /Users/Eric/git/trading-webpage/apache-tomcat-8.0.32/webapps/host-manager has finished in 24 ms
05-Mar-2016 22:41:10.030 INFO [localhost-startStop-1] org.apache.catalina.startup.HostConfig.deployDirectory Deploying web application directory /Users/Eric/git/trading-webpage/apache-tomcat-8.0.32/webapps/images
05-Mar-2016 22:41:10.149 INFO [localhost-startStop-1] org.apache.jasper.servlet.TldScanner.scanJars At least one JAR was scanned for TLDs yet contained no TLDs. Enable debug logging for this logger for a complete list of JARs that were scanned but no TLDs were found in them. Skipping unneeded JARs during scanning can improve startup time and JSP compilation time.
05-Mar-2016 22:41:10.153 INFO [localhost-startStop-1] org.apache.catalina.startup.HostConfig.deployDirectory Deployment of web application directory /Users/Eric/git/trading-webpage/apache-tomcat-8.0.32/webapps/images has finished in 122 ms
05-Mar-2016 22:41:10.153 INFO [localhost-startStop-1] org.apache.catalina.startup.HostConfig.deployDirectory Deploying web application directory /Users/Eric/git/trading-webpage/apache-tomcat-8.0.32/webapps/manager
05-Mar-2016 22:41:10.185 INFO [localhost-startStop-1] org.apache.catalina.startup.HostConfig.deployDirectory Deployment of web application directory /Users/Eric/git/trading-webpage/apache-tomcat-8.0.32/webapps/manager has finished in 32 ms
05-Mar-2016 22:41:10.186 INFO [localhost-startStop-1] org.apache.catalina.startup.HostConfig.deployDirectory Deploying web application directory /Users/Eric/git/trading-webpage/apache-tomcat-8.0.32/webapps/ROOT
05-Mar-2016 22:41:10.307 INFO [localhost-startStop-1] org.apache.jasper.servlet.TldScanner.scanJars At least one JAR was scanned for TLDs yet contained no TLDs. Enable debug logging for this logger for a complete list of JARs that were scanned but no TLDs were found in them. Skipping unneeded JARs during scanning can improve startup time and JSP compilation time.
05-Mar-2016 22:41:10.309 INFO [localhost-startStop-1] org.apache.catalina.startup.HostConfig.deployDirectory Deployment of web application directory /Users/Eric/git/trading-webpage/apache-tomcat-8.0.32/webapps/ROOT has finished in 123 ms
05-Mar-2016 22:41:10.314 INFO [main] org.apache.coyote.AbstractProtocol.start Starting ProtocolHandler ["http-nio-8080"]
05-Mar-2016 22:41:10.326 INFO [main] org.apache.coyote.AbstractProtocol.start Starting ProtocolHandler ["ajp-nio-8009"]
05-Mar-2016 22:41:10.327 INFO [main] org.apache.catalina.startup.Catalina.start Server startup in 2438 ms
05-Mar-2016 22:41:30.321 INFO [ContainerBackgroundProcessor[StandardEngine[Catalina]]] org.apache.catalina.startup.HostConfig.undeploy Undeploying context [/trading_bean]
05-Mar-2016 22:41:30.322 INFO [ContainerBackgroundProcessor[StandardEngine[Catalina]]] org.apache.catalina.core.StandardWrapper.unload Waiting for 1 instance(s) to be deallocated for Servlet [TradeMvcPersist]
05-Mar-2016 22:41:30.756 INFO [localhost-startStop-2] org.apache.catalina.startup.HostConfig.deployWAR Deploying web application archive /Users/Eric/git/trading-webpage/apache-tomcat-8.0.32/webapps/trading_bean.war
05-Mar-2016 22:41:31.005 INFO [localhost-startStop-2] org.apache.jasper.servlet.TldScanner.scanJars At least one JAR was scanned for TLDs yet contained no TLDs. Enable debug logging for this logger for a complete list of JARs that were scanned but no TLDs were found in them. Skipping unneeded JARs during scanning can improve startup time and JSP compilation time.
05-Mar-2016 22:41:31.014 INFO [localhost-startStop-2] org.apache.catalina.startup.HostConfig.deployWAR Deployment of web application archive /Users/Eric/git/trading-webpage/apache-tomcat-8.0.32/webapps/trading_bean.war has finished in 258 ms
05-Mar-2016 22:42:51.071 INFO [ContainerBackgroundProcessor[StandardEngine[Catalina]]] org.apache.catalina.startup.HostConfig.undeploy Undeploying context [/trading_bean]
05-Mar-2016 22:42:51.089 INFO [localhost-startStop-3] org.apache.catalina.startup.HostConfig.deployWAR Deploying web application archive /Users/Eric/git/trading-webpage/apache-tomcat-8.0.32/webapps/trading_bean.war
05-Mar-2016 22:42:51.338 INFO [localhost-startStop-3] org.apache.jasper.servlet.TldScanner.scanJars At least one JAR was scanned for TLDs yet contained no TLDs. Enable debug logging for this logger for a complete list of JARs that were scanned but no TLDs were found in them. Skipping unneeded JARs during scanning can improve startup time and JSP compilation time.
05-Mar-2016 22:42:51.351 INFO [localhost-startStop-3] org.apache.catalina.startup.HostConfig.deployWAR Deployment of web application archive /Users/Eric/git/trading-webpage/apache-tomcat-8.0.32/webapps/trading_bean.war has finished in 262 ms
05-Mar-2016 23:15:52.390 INFO [ContainerBackgroundProcessor[StandardEngine[Catalina]]] org.apache.catalina.startup.HostConfig.undeploy Undeploying context [/trading_bean]
05-Mar-2016 23:15:52.404 INFO [localhost-startStop-4] org.apache.catalina.startup.HostConfig.deployWAR Deploying web application archive /Users/Eric/git/trading-webpage/apache-tomcat-8.0.32/webapps/trading_bean.war
05-Mar-2016 23:15:52.658 INFO [localhost-startStop-4] org.apache.jasper.servlet.TldScanner.scanJars At least one JAR was scanned for TLDs yet contained no TLDs. Enable debug logging for this logger for a complete list of JARs that were scanned but no TLDs were found in them. Skipping unneeded JARs during scanning can improve startup time and JSP compilation time.
05-Mar-2016 23:15:52.666 INFO [localhost-startStop-4] org.apache.catalina.startup.HostConfig.deployWAR Deployment of web application archive /Users/Eric/git/trading-webpage/apache-tomcat-8.0.32/webapps/trading_bean.war has finished in 262 ms
05-Mar-2016 23:29:43.041 INFO [ContainerBackgroundProcessor[StandardEngine[Catalina]]] org.apache.catalina.startup.HostConfig.undeploy Undeploying context [/trading_bean]
05-Mar-2016 23:29:43.078 INFO [localhost-startStop-5] org.apache.catalina.startup.HostConfig.deployWAR Deploying web application archive /Users/Eric/git/trading-webpage/apache-tomcat-8.0.32/webapps/trading_bean.war
05-Mar-2016 23:29:43.348 INFO [localhost-startStop-5] org.apache.jasper.servlet.TldScanner.scanJars At least one JAR was scanned for TLDs yet contained no TLDs. Enable debug logging for this logger for a complete list of JARs that were scanned but no TLDs were found in them. Skipping unneeded JARs during scanning can improve startup time and JSP compilation time.
05-Mar-2016 23:29:43.357 INFO [localhost-startStop-5] org.apache.catalina.startup.HostConfig.deployWAR Deployment of web application archive /Users/Eric/git/trading-webpage/apache-tomcat-8.0.32/webapps/trading_bean.war has finished in 279 ms
05-Mar-2016 23:30:33.391 INFO [ContainerBackgroundProcessor[StandardEngine[Catalina]]] org.apache.catalina.startup.HostConfig.undeploy Undeploying context [/trading_bean]
05-Mar-2016 23:30:33.406 INFO [localhost-startStop-6] org.apache.catalina.startup.HostConfig.deployWAR Deploying web application archive /Users/Eric/git/trading-webpage/apache-tomcat-8.0.32/webapps/trading_bean.war
05-Mar-2016 23:30:33.596 INFO [localhost-startStop-6] org.apache.jasper.servlet.TldScanner.scanJars At least one JAR was scanned for TLDs yet contained no TLDs. Enable debug logging for this logger for a complete list of JARs that were scanned but no TLDs were found in them. Skipping unneeded JARs during scanning can improve startup time and JSP compilation time.
05-Mar-2016 23:30:33.602 INFO [localhost-startStop-6] org.apache.catalina.startup.HostConfig.deployWAR Deployment of web application archive /Users/Eric/git/trading-webpage/apache-tomcat-8.0.32/webapps/trading_bean.war has finished in 196 ms
05-Mar-2016 23:35:53.754 INFO [ContainerBackgroundProcessor[StandardEngine[Catalina]]] org.apache.catalina.startup.HostConfig.undeploy Undeploying context [/trading_bean]
05-Mar-2016 23:35:53.774 INFO [localhost-startStop-7] org.apache.catalina.startup.HostConfig.deployWAR Deploying web application archive /Users/Eric/git/trading-webpage/apache-tomcat-8.0.32/webapps/trading_bean.war
05-Mar-2016 23:35:54.016 INFO [localhost-startStop-7] org.apache.jasper.servlet.TldScanner.scanJars At least one JAR was scanned for TLDs yet contained no TLDs. Enable debug logging for this logger for a complete list of JARs that were scanned but no TLDs were found in them. Skipping unneeded JARs during scanning can improve startup time and JSP compilation time.
05-Mar-2016 23:35:54.023 INFO [localhost-startStop-7] org.apache.catalina.startup.HostConfig.deployWAR Deployment of web application archive /Users/Eric/git/trading-webpage/apache-tomcat-8.0.32/webapps/trading_bean.war has finished in 249 ms
05-Mar-2016 23:36:44.042 INFO [ContainerBackgroundProcessor[StandardEngine[Catalina]]] org.apache.catalina.startup.HostConfig.undeploy Undeploying context [/trading_bean]
05-Mar-2016 23:36:44.054 INFO [localhost-startStop-8] org.apache.catalina.startup.HostConfig.deployWAR Deploying web application archive /Users/Eric/git/trading-webpage/apache-tomcat-8.0.32/webapps/trading_bean.war
05-Mar-2016 23:36:44.240 INFO [localhost-startStop-8] org.apache.jasper.servlet.TldScanner.scanJars At least one JAR was scanned for TLDs yet contained no TLDs. Enable debug logging for this logger for a complete list of JARs that were scanned but no TLDs were found in them. Skipping unneeded JARs during scanning can improve startup time and JSP compilation time.
05-Mar-2016 23:36:44.247 INFO [localhost-startStop-8] org.apache.catalina.startup.HostConfig.deployWAR Deployment of web application archive /Users/Eric/git/trading-webpage/apache-tomcat-8.0.32/webapps/trading_bean.war has finished in 193 ms
05-Mar-2016 23:37:44.281 INFO [ContainerBackgroundProcessor[StandardEngine[Catalina]]] org.apache.catalina.startup.HostConfig.undeploy Undeploying context [/trading_bean]
05-Mar-2016 23:37:44.292 INFO [localhost-startStop-9] org.apache.catalina.startup.HostConfig.deployWAR Deploying web application archive /Users/Eric/git/trading-webpage/apache-tomcat-8.0.32/webapps/trading_bean.war
05-Mar-2016 23:37:44.442 INFO [localhost-startStop-9] org.apache.jasper.servlet.TldScanner.scanJars At least one JAR was scanned for TLDs yet contained no TLDs. Enable debug logging for this logger for a complete list of JARs that were scanned but no TLDs were found in them. Skipping unneeded JARs during scanning can improve startup time and JSP compilation time.
05-Mar-2016 23:37:44.449 INFO [localhost-startStop-9] org.apache.catalina.startup.HostConfig.deployWAR Deployment of web application archive /Users/Eric/git/trading-webpage/apache-tomcat-8.0.32/webapps/trading_bean.war has finished in 157 ms
05-Mar-2016 23:40:34.533 INFO [ContainerBackgroundProcessor[StandardEngine[Catalina]]] org.apache.catalina.startup.HostConfig.undeploy Undeploying context [/trading_bean]
05-Mar-2016 23:40:34.547 INFO [localhost-startStop-10] org.apache.catalina.startup.HostConfig.deployWAR Deploying web application archive /Users/Eric/git/trading-webpage/apache-tomcat-8.0.32/webapps/trading_bean.war
05-Mar-2016 23:40:34.795 INFO [localhost-startStop-10] org.apache.jasper.servlet.TldScanner.scanJars At least one JAR was scanned for TLDs yet contained no TLDs. Enable debug logging for this logger for a complete list of JARs that were scanned but no TLDs were found in them. Skipping unneeded JARs during scanning can improve startup time and JSP compilation time.
05-Mar-2016 23:40:34.802 INFO [localhost-startStop-10] org.apache.catalina.startup.HostConfig.deployWAR Deployment of web application archive /Users/Eric/git/trading-webpage/apache-tomcat-8.0.32/webapps/trading_bean.war has finished in 255 ms
05-Mar-2016 23:42:54.867 INFO [ContainerBackgroundProcessor[StandardEngine[Catalina]]] org.apache.catalina.startup.HostConfig.undeploy Undeploying context [/trading_bean]
05-Mar-2016 23:42:54.881 INFO [localhost-startStop-11] org.apache.catalina.startup.HostConfig.deployWAR Deploying web application archive /Users/Eric/git/trading-webpage/apache-tomcat-8.0.32/webapps/trading_bean.war
05-Mar-2016 23:42:55.038 INFO [localhost-startStop-11] org.apache.jasper.servlet.TldScanner.scanJars At least one JAR was scanned for TLDs yet contained no TLDs. Enable debug logging for this logger for a complete list of JARs that were scanned but no TLDs were found in them. Skipping unneeded JARs during scanning can improve startup time and JSP compilation time.
05-Mar-2016 23:42:55.045 INFO [localhost-startStop-11] org.apache.catalina.startup.HostConfig.deployWAR Deployment of web application archive /Users/Eric/git/trading-webpage/apache-tomcat-8.0.32/webapps/trading_bean.war has finished in 163 ms
