06-Mar-2016 12:01:24.242 INFO [ContainerBackgroundProcessor[StandardEngine[Catalina]]] org.apache.catalina.startup.HostConfig.undeploy Undeploying context [/trading_bean]
06-Mar-2016 12:01:24.294 INFO [localhost-startStop-12] org.apache.catalina.startup.HostConfig.deployWAR Deploying web application archive /Users/Nina/git/trading-webpage/apache-tomcat-8.0.32/webapps/trading_bean.war
06-Mar-2016 12:01:24.672 INFO [localhost-startStop-12] org.apache.jasper.servlet.TldScanner.scanJars At least one JAR was scanned for TLDs yet contained no TLDs. Enable debug logging for this logger for a complete list of JARs that were scanned but no TLDs were found in them. Skipping unneeded JARs during scanning can improve startup time and JSP compilation time.
06-Mar-2016 12:01:24.681 INFO [localhost-startStop-12] org.apache.catalina.startup.HostConfig.deployWAR Deployment of web application archive /Users/Nina/git/trading-webpage/apache-tomcat-8.0.32/webapps/trading_bean.war has finished in 386 ms
06-Mar-2016 12:09:24.925 INFO [ContainerBackgroundProcessor[StandardEngine[Catalina]]] org.apache.catalina.startup.HostConfig.undeploy Undeploying context [/trading_bean]
06-Mar-2016 12:09:24.938 INFO [localhost-startStop-13] org.apache.catalina.startup.HostConfig.deployWAR Deploying web application archive /Users/Nina/git/trading-webpage/apache-tomcat-8.0.32/webapps/trading_bean.war
06-Mar-2016 12:09:25.099 INFO [localhost-startStop-13] org.apache.jasper.servlet.TldScanner.scanJars At least one JAR was scanned for TLDs yet contained no TLDs. Enable debug logging for this logger for a complete list of JARs that were scanned but no TLDs were found in them. Skipping unneeded JARs during scanning can improve startup time and JSP compilation time.
06-Mar-2016 12:09:25.105 INFO [localhost-startStop-13] org.apache.catalina.startup.HostConfig.deployWAR Deployment of web application archive /Users/Nina/git/trading-webpage/apache-tomcat-8.0.32/webapps/trading_bean.war has finished in 167 ms
06-Mar-2016 12:09:45.116 INFO [ContainerBackgroundProcessor[StandardEngine[Catalina]]] org.apache.catalina.startup.HostConfig.undeploy Undeploying context [/trading_bean]
06-Mar-2016 12:09:45.129 INFO [localhost-startStop-14] org.apache.catalina.startup.HostConfig.deployWAR Deploying web application archive /Users/Nina/git/trading-webpage/apache-tomcat-8.0.32/webapps/trading_bean.war
06-Mar-2016 12:09:45.347 INFO [localhost-startStop-14] org.apache.jasper.servlet.TldScanner.scanJars At least one JAR was scanned for TLDs yet contained no TLDs. Enable debug logging for this logger for a complete list of JARs that were scanned but no TLDs were found in them. Skipping unneeded JARs during scanning can improve startup time and JSP compilation time.
06-Mar-2016 12:09:45.356 INFO [localhost-startStop-14] org.apache.catalina.startup.HostConfig.deployWAR Deployment of web application archive /Users/Nina/git/trading-webpage/apache-tomcat-8.0.32/webapps/trading_bean.war has finished in 227 ms
06-Mar-2016 12:16:35.552 INFO [ContainerBackgroundProcessor[StandardEngine[Catalina]]] org.apache.catalina.startup.HostConfig.undeploy Undeploying context [/trading_bean]
06-Mar-2016 12:16:35.563 INFO [localhost-startStop-15] org.apache.catalina.startup.HostConfig.deployWAR Deploying web application archive /Users/Nina/git/trading-webpage/apache-tomcat-8.0.32/webapps/trading_bean.war
06-Mar-2016 12:16:35.728 INFO [localhost-startStop-15] org.apache.jasper.servlet.TldScanner.scanJars At least one JAR was scanned for TLDs yet contained no TLDs. Enable debug logging for this logger for a complete list of JARs that were scanned but no TLDs were found in them. Skipping unneeded JARs during scanning can improve startup time and JSP compilation time.
06-Mar-2016 12:16:35.731 INFO [localhost-startStop-15] org.apache.catalina.startup.HostConfig.deployWAR Deployment of web application archive /Users/Nina/git/trading-webpage/apache-tomcat-8.0.32/webapps/trading_bean.war has finished in 168 ms
06-Mar-2016 13:02:27.186 INFO [ContainerBackgroundProcessor[StandardEngine[Catalina]]] org.apache.catalina.startup.HostConfig.undeploy Undeploying context [/trading_bean]
06-Mar-2016 13:02:27.198 INFO [localhost-startStop-16] org.apache.catalina.startup.HostConfig.deployWAR Deploying web application archive /Users/Nina/git/trading-webpage/apache-tomcat-8.0.32/webapps/trading_bean.war
06-Mar-2016 13:02:27.354 INFO [localhost-startStop-16] org.apache.jasper.servlet.TldScanner.scanJars At least one JAR was scanned for TLDs yet contained no TLDs. Enable debug logging for this logger for a complete list of JARs that were scanned but no TLDs were found in them. Skipping unneeded JARs during scanning can improve startup time and JSP compilation time.
06-Mar-2016 13:02:27.359 INFO [localhost-startStop-16] org.apache.catalina.startup.HostConfig.deployWAR Deployment of web application archive /Users/Nina/git/trading-webpage/apache-tomcat-8.0.32/webapps/trading_bean.war has finished in 161 ms
06-Mar-2016 13:07:17.498 INFO [ContainerBackgroundProcessor[StandardEngine[Catalina]]] org.apache.catalina.startup.HostConfig.undeploy Undeploying context [/trading_bean]
06-Mar-2016 13:07:17.501 INFO [ContainerBackgroundProcessor[StandardEngine[Catalina]]] org.apache.catalina.core.StandardWrapper.unload Waiting for 1 instance(s) to be deallocated for Servlet [TradeMvcPersist]
06-Mar-2016 13:07:18.447 INFO [localhost-startStop-17] org.apache.catalina.startup.HostConfig.deployWAR Deploying web application archive /Users/Nina/git/trading-webpage/apache-tomcat-8.0.32/webapps/trading_bean.war
06-Mar-2016 13:07:18.764 INFO [localhost-startStop-17] org.apache.jasper.servlet.TldScanner.scanJars At least one JAR was scanned for TLDs yet contained no TLDs. Enable debug logging for this logger for a complete list of JARs that were scanned but no TLDs were found in them. Skipping unneeded JARs during scanning can improve startup time and JSP compilation time.
06-Mar-2016 13:07:18.769 INFO [localhost-startStop-17] org.apache.catalina.startup.HostConfig.deployWAR Deployment of web application archive /Users/Nina/git/trading-webpage/apache-tomcat-8.0.32/webapps/trading_bean.war has finished in 322 ms
06-Mar-2016 13:09:28.845 INFO [ContainerBackgroundProcessor[StandardEngine[Catalina]]] org.apache.catalina.startup.HostConfig.undeploy Undeploying context [/trading_bean]
06-Mar-2016 13:09:28.856 INFO [localhost-startStop-18] org.apache.catalina.startup.HostConfig.deployWAR Deploying web application archive /Users/Nina/git/trading-webpage/apache-tomcat-8.0.32/webapps/trading_bean.war
06-Mar-2016 13:09:28.979 INFO [localhost-startStop-18] org.apache.jasper.servlet.TldScanner.scanJars At least one JAR was scanned for TLDs yet contained no TLDs. Enable debug logging for this logger for a complete list of JARs that were scanned but no TLDs were found in them. Skipping unneeded JARs during scanning can improve startup time and JSP compilation time.
06-Mar-2016 13:09:28.984 INFO [localhost-startStop-18] org.apache.catalina.startup.HostConfig.deployWAR Deployment of web application archive /Users/Nina/git/trading-webpage/apache-tomcat-8.0.32/webapps/trading_bean.war has finished in 127 ms
06-Mar-2016 13:12:09.063 INFO [ContainerBackgroundProcessor[StandardEngine[Catalina]]] org.apache.catalina.startup.HostConfig.undeploy Undeploying context [/trading_bean]
06-Mar-2016 13:12:09.075 INFO [localhost-startStop-19] org.apache.catalina.startup.HostConfig.deployWAR Deploying web application archive /Users/Nina/git/trading-webpage/apache-tomcat-8.0.32/webapps/trading_bean.war
06-Mar-2016 13:12:09.208 INFO [localhost-startStop-19] org.apache.jasper.servlet.TldScanner.scanJars At least one JAR was scanned for TLDs yet contained no TLDs. Enable debug logging for this logger for a complete list of JARs that were scanned but no TLDs were found in them. Skipping unneeded JARs during scanning can improve startup time and JSP compilation time.
06-Mar-2016 13:12:09.211 INFO [localhost-startStop-19] org.apache.catalina.startup.HostConfig.deployWAR Deployment of web application archive /Users/Nina/git/trading-webpage/apache-tomcat-8.0.32/webapps/trading_bean.war has finished in 136 ms
06-Mar-2016 13:15:29.306 INFO [ContainerBackgroundProcessor[StandardEngine[Catalina]]] org.apache.catalina.startup.HostConfig.undeploy Undeploying context [/trading_bean]
06-Mar-2016 13:15:29.324 INFO [localhost-startStop-20] org.apache.catalina.startup.HostConfig.deployWAR Deploying web application archive /Users/Nina/git/trading-webpage/apache-tomcat-8.0.32/webapps/trading_bean.war
06-Mar-2016 13:15:29.465 INFO [localhost-startStop-20] org.apache.jasper.servlet.TldScanner.scanJars At least one JAR was scanned for TLDs yet contained no TLDs. Enable debug logging for this logger for a complete list of JARs that were scanned but no TLDs were found in them. Skipping unneeded JARs during scanning can improve startup time and JSP compilation time.
06-Mar-2016 13:15:29.470 INFO [localhost-startStop-20] org.apache.catalina.startup.HostConfig.deployWAR Deployment of web application archive /Users/Nina/git/trading-webpage/apache-tomcat-8.0.32/webapps/trading_bean.war has finished in 146 ms
06-Mar-2016 13:16:19.500 INFO [ContainerBackgroundProcessor[StandardEngine[Catalina]]] org.apache.catalina.startup.HostConfig.undeploy Undeploying context [/trading_bean]
06-Mar-2016 13:16:19.513 INFO [localhost-startStop-21] org.apache.catalina.startup.HostConfig.deployWAR Deploying web application archive /Users/Nina/git/trading-webpage/apache-tomcat-8.0.32/webapps/trading_bean.war
06-Mar-2016 13:16:19.621 INFO [localhost-startStop-21] org.apache.jasper.servlet.TldScanner.scanJars At least one JAR was scanned for TLDs yet contained no TLDs. Enable debug logging for this logger for a complete list of JARs that were scanned but no TLDs were found in them. Skipping unneeded JARs during scanning can improve startup time and JSP compilation time.
06-Mar-2016 13:16:19.626 INFO [localhost-startStop-21] org.apache.catalina.startup.HostConfig.deployWAR Deployment of web application archive /Users/Nina/git/trading-webpage/apache-tomcat-8.0.32/webapps/trading_bean.war has finished in 113 ms
06-Mar-2016 13:16:29.633 INFO [ContainerBackgroundProcessor[StandardEngine[Catalina]]] org.apache.catalina.startup.HostConfig.undeploy Undeploying context [/trading_bean]
06-Mar-2016 13:16:29.642 INFO [localhost-startStop-22] org.apache.catalina.startup.HostConfig.deployWAR Deploying web application archive /Users/Nina/git/trading-webpage/apache-tomcat-8.0.32/webapps/trading_bean.war
06-Mar-2016 13:16:29.748 INFO [localhost-startStop-22] org.apache.jasper.servlet.TldScanner.scanJars At least one JAR was scanned for TLDs yet contained no TLDs. Enable debug logging for this logger for a complete list of JARs that were scanned but no TLDs were found in them. Skipping unneeded JARs during scanning can improve startup time and JSP compilation time.
06-Mar-2016 13:16:29.752 INFO [localhost-startStop-22] org.apache.catalina.startup.HostConfig.deployWAR Deployment of web application archive /Users/Nina/git/trading-webpage/apache-tomcat-8.0.32/webapps/trading_bean.war has finished in 110 ms
06-Mar-2016 13:21:39.892 INFO [ContainerBackgroundProcessor[StandardEngine[Catalina]]] org.apache.catalina.startup.HostConfig.undeploy Undeploying context [/trading_bean]
06-Mar-2016 13:21:39.904 INFO [localhost-startStop-23] org.apache.catalina.startup.HostConfig.deployWAR Deploying web application archive /Users/Nina/git/trading-webpage/apache-tomcat-8.0.32/webapps/trading_bean.war
06-Mar-2016 13:21:40.111 INFO [localhost-startStop-23] org.apache.jasper.servlet.TldScanner.scanJars At least one JAR was scanned for TLDs yet contained no TLDs. Enable debug logging for this logger for a complete list of JARs that were scanned but no TLDs were found in them. Skipping unneeded JARs during scanning can improve startup time and JSP compilation time.
06-Mar-2016 13:21:40.115 INFO [localhost-startStop-23] org.apache.catalina.startup.HostConfig.deployWAR Deployment of web application archive /Users/Nina/git/trading-webpage/apache-tomcat-8.0.32/webapps/trading_bean.war has finished in 210 ms
