27-Feb-2016 16:50:45.233 INFO [localhost-startStop-1] org.apache.catalina.core.ApplicationContext.log ContextListener: contextInitialized()
27-Feb-2016 16:50:45.233 INFO [localhost-startStop-1] org.apache.catalina.core.ApplicationContext.log SessionListener: contextInitialized()
27-Feb-2016 16:50:45.364 INFO [localhost-startStop-1] org.apache.catalina.core.ApplicationContext.log SessionListener: contextDestroyed()
27-Feb-2016 16:50:45.365 INFO [localhost-startStop-1] org.apache.catalina.core.ApplicationContext.log ContextListener: contextDestroyed()
27-Feb-2016 16:52:10.572 INFO [localhost-startStop-1] org.apache.catalina.core.ApplicationContext.log ContextListener: contextInitialized()
27-Feb-2016 16:52:10.573 INFO [localhost-startStop-1] org.apache.catalina.core.ApplicationContext.log SessionListener: contextInitialized()
27-Feb-2016 17:06:02.243 INFO [localhost-startStop-8] org.apache.catalina.core.ApplicationContext.log SessionListener: contextDestroyed()
27-Feb-2016 17:06:02.243 INFO [localhost-startStop-8] org.apache.catalina.core.ApplicationContext.log ContextListener: contextDestroyed()
27-Feb-2016 17:06:05.952 INFO [localhost-startStop-1] org.apache.catalina.core.ApplicationContext.log ContextListener: contextInitialized()
27-Feb-2016 17:06:05.953 INFO [localhost-startStop-1] org.apache.catalina.core.ApplicationContext.log SessionListener: contextInitialized()
27-Feb-2016 17:26:16.143 INFO [localhost-startStop-1] org.apache.catalina.core.ApplicationContext.log ContextListener: contextInitialized()
27-Feb-2016 17:26:16.143 INFO [localhost-startStop-1] org.apache.catalina.core.ApplicationContext.log SessionListener: contextInitialized()
27-Feb-2016 17:26:16.232 INFO [localhost-startStop-1] org.apache.catalina.core.ApplicationContext.log SessionListener: contextDestroyed()
27-Feb-2016 17:26:16.232 INFO [localhost-startStop-1] org.apache.catalina.core.ApplicationContext.log ContextListener: contextDestroyed()
27-Feb-2016 17:43:42.931 INFO [ContainerBackgroundProcessor[StandardEngine[Catalina]]] org.apache.catalina.core.ApplicationContext.log SessionListener: contextDestroyed()
27-Feb-2016 17:43:42.931 INFO [ContainerBackgroundProcessor[StandardEngine[Catalina]]] org.apache.catalina.core.ApplicationContext.log ContextListener: contextDestroyed()
27-Feb-2016 17:43:43.328 INFO [localhost-startStop-6] org.apache.catalina.core.ApplicationContext.log ContextListener: contextInitialized()
27-Feb-2016 17:43:43.328 INFO [localhost-startStop-6] org.apache.catalina.core.ApplicationContext.log SessionListener: contextInitialized()
27-Feb-2016 17:44:23.423 INFO [ContainerBackgroundProcessor[StandardEngine[Catalina]]] org.apache.catalina.core.ApplicationContext.log SessionListener: contextDestroyed()
27-Feb-2016 17:44:23.424 INFO [ContainerBackgroundProcessor[StandardEngine[Catalina]]] org.apache.catalina.core.ApplicationContext.log ContextListener: contextDestroyed()
27-Feb-2016 17:44:23.786 INFO [localhost-startStop-7] org.apache.catalina.core.ApplicationContext.log ContextListener: contextInitialized()
27-Feb-2016 17:44:23.786 INFO [localhost-startStop-7] org.apache.catalina.core.ApplicationContext.log SessionListener: contextInitialized()
27-Feb-2016 17:44:33.861 INFO [ContainerBackgroundProcessor[StandardEngine[Catalina]]] org.apache.catalina.core.ApplicationContext.log SessionListener: contextDestroyed()
27-Feb-2016 17:44:33.861 INFO [ContainerBackgroundProcessor[StandardEngine[Catalina]]] org.apache.catalina.core.ApplicationContext.log ContextListener: contextDestroyed()
27-Feb-2016 17:44:34.193 INFO [localhost-startStop-8] org.apache.catalina.core.ApplicationContext.log ContextListener: contextInitialized()
27-Feb-2016 17:44:34.195 INFO [localhost-startStop-8] org.apache.catalina.core.ApplicationContext.log SessionListener: contextInitialized()
27-Feb-2016 17:44:44.257 INFO [ContainerBackgroundProcessor[StandardEngine[Catalina]]] org.apache.catalina.core.ApplicationContext.log SessionListener: contextDestroyed()
27-Feb-2016 17:44:44.257 INFO [ContainerBackgroundProcessor[StandardEngine[Catalina]]] org.apache.catalina.core.ApplicationContext.log ContextListener: contextDestroyed()
27-Feb-2016 17:44:44.559 INFO [localhost-startStop-9] org.apache.catalina.core.ApplicationContext.log ContextListener: contextInitialized()
27-Feb-2016 17:44:44.559 INFO [localhost-startStop-9] org.apache.catalina.core.ApplicationContext.log SessionListener: contextInitialized()
27-Feb-2016 17:44:59.811 INFO [localhost-startStop-10] org.apache.catalina.core.ApplicationContext.log SessionListener: contextDestroyed()
27-Feb-2016 17:44:59.811 INFO [localhost-startStop-10] org.apache.catalina.core.ApplicationContext.log ContextListener: contextDestroyed()
27-Feb-2016 17:45:14.162 INFO [localhost-startStop-1] org.apache.catalina.core.ApplicationContext.log ContextListener: contextInitialized()
27-Feb-2016 17:45:14.162 INFO [localhost-startStop-1] org.apache.catalina.core.ApplicationContext.log SessionListener: contextInitialized()
27-Feb-2016 17:45:16.171 INFO [localhost-startStop-1] org.apache.catalina.core.ApplicationContext.log SessionListener: contextDestroyed()
27-Feb-2016 17:45:16.171 INFO [localhost-startStop-1] org.apache.catalina.core.ApplicationContext.log ContextListener: contextDestroyed()
27-Feb-2016 17:45:19.818 INFO [localhost-startStop-1] org.apache.catalina.core.ApplicationContext.log ContextListener: contextInitialized()
27-Feb-2016 17:45:19.818 INFO [localhost-startStop-1] org.apache.catalina.core.ApplicationContext.log SessionListener: contextInitialized()
27-Feb-2016 18:57:10.382 INFO [localhost-startStop-1] org.apache.catalina.core.ApplicationContext.log ContextListener: contextInitialized()
27-Feb-2016 18:57:10.383 INFO [localhost-startStop-1] org.apache.catalina.core.ApplicationContext.log SessionListener: contextInitialized()
27-Feb-2016 18:57:10.648 INFO [localhost-startStop-1] org.apache.catalina.core.ApplicationContext.log SessionListener: contextDestroyed()
27-Feb-2016 18:57:10.648 INFO [localhost-startStop-1] org.apache.catalina.core.ApplicationContext.log ContextListener: contextDestroyed()
27-Feb-2016 19:19:32.064 INFO [localhost-startStop-19] org.apache.catalina.core.ApplicationContext.log SessionListener: contextDestroyed()
27-Feb-2016 19:19:32.064 INFO [localhost-startStop-19] org.apache.catalina.core.ApplicationContext.log ContextListener: contextDestroyed()
27-Feb-2016 19:19:35.878 INFO [localhost-startStop-1] org.apache.catalina.core.ApplicationContext.log ContextListener: contextInitialized()
27-Feb-2016 19:19:35.878 INFO [localhost-startStop-1] org.apache.catalina.core.ApplicationContext.log SessionListener: contextInitialized()
27-Feb-2016 19:20:52.371 INFO [localhost-startStop-3] org.apache.catalina.core.ApplicationContext.log SessionListener: contextDestroyed()
27-Feb-2016 19:20:52.371 INFO [localhost-startStop-3] org.apache.catalina.core.ApplicationContext.log ContextListener: contextDestroyed()
27-Feb-2016 19:20:54.933 INFO [localhost-startStop-1] org.apache.catalina.core.ApplicationContext.log ContextListener: contextInitialized()
27-Feb-2016 19:20:54.933 INFO [localhost-startStop-1] org.apache.catalina.core.ApplicationContext.log SessionListener: contextInitialized()
27-Feb-2016 19:31:58.283 SEVERE [localhost-startStop-11] org.apache.catalina.core.StandardContext.loadOnStartup Servlet [TradingBean] in web application [/trading_bean] threw load() exception
 org.apache.jasper.JasperException: Unable to compile class for JSP: 

An error occurred at line: 57 in the jsp file: /trading.jsp
Syntax error on token "hej", AssignmentOperator expected after this token
54: 		<jsp:setProperty name="user" property="*"/>
55: 		<jsp:setProperty name="post" property="*"/>
56: 
57: 		<% if(session.isNew()){ hej!%>
58: 		<h1>Ny session!</h1>
59: 		<form>
60: 			Nickname<input type="text" name="nickname"><br>


An error occurred at line: 57 in the jsp file: /trading.jsp
hej cannot be resolved to a variable
54: 		<jsp:setProperty name="user" property="*"/>
55: 		<jsp:setProperty name="post" property="*"/>
56: 
57: 		<% if(session.isNew()){ hej!%>
58: 		<h1>Ny session!</h1>
59: 		<form>
60: 			Nickname<input type="text" name="nickname"><br>


An error occurred at line: 57 in the jsp file: /trading.jsp
The operator ! is undefined for the argument type(s) void
54: 		<jsp:setProperty name="user" property="*"/>
55: 		<jsp:setProperty name="post" property="*"/>
56: 
57: 		<% if(session.isNew()){ hej!%>
58: 		<h1>Ny session!</h1>
59: 		<form>
60: 			Nickname<input type="text" name="nickname"><br>


Stacktrace:
	at org.apache.jasper.compiler.DefaultErrorHandler.javacError(DefaultErrorHandler.java:102)
	at org.apache.jasper.compiler.ErrorDispatcher.javacError(ErrorDispatcher.java:198)
	at org.apache.jasper.compiler.JDTCompiler.generateClass(JDTCompiler.java:449)
	at org.apache.jasper.compiler.Compiler.compile(Compiler.java:361)
	at org.apache.jasper.compiler.Compiler.compile(Compiler.java:336)
	at org.apache.jasper.compiler.Compiler.compile(Compiler.java:323)
	at org.apache.jasper.JspCompilationContext.compile(JspCompilationContext.java:585)
	at org.apache.jasper.servlet.JspServletWrapper.service(JspServletWrapper.java:363)
	at org.apache.jasper.servlet.JspServlet.serviceJspFile(JspServlet.java:396)
	at org.apache.jasper.servlet.JspServlet.init(JspServlet.java:138)
	at org.apache.catalina.core.StandardWrapper.initServlet(StandardWrapper.java:1238)
	at org.apache.catalina.core.StandardWrapper.loadServlet(StandardWrapper.java:1151)
	at org.apache.catalina.core.StandardWrapper.load(StandardWrapper.java:1038)
	at org.apache.catalina.core.StandardContext.loadOnStartup(StandardContext.java:4997)
	at org.apache.catalina.core.StandardContext.startInternal(StandardContext.java:5289)
	at org.apache.catalina.util.LifecycleBase.start(LifecycleBase.java:147)
	at org.apache.catalina.core.ContainerBase.addChildInternal(ContainerBase.java:725)
	at org.apache.catalina.core.ContainerBase.addChild(ContainerBase.java:701)
	at org.apache.catalina.core.StandardHost.addChild(StandardHost.java:717)
	at org.apache.catalina.startup.HostConfig.deployWAR(HostConfig.java:939)
	at org.apache.catalina.startup.HostConfig$DeployWar.run(HostConfig.java:1812)
	at java.util.concurrent.Executors$RunnableAdapter.call(Executors.java:511)
	at java.util.concurrent.FutureTask.run(FutureTask.java:266)
	at java.util.concurrent.ThreadPoolExecutor.runWorker(ThreadPoolExecutor.java:1142)
	at java.util.concurrent.ThreadPoolExecutor$Worker.run(ThreadPoolExecutor.java:617)
	at java.lang.Thread.run(Thread.java:745)

27-Feb-2016 19:32:32.546 SEVERE [http-nio-8080-exec-27] org.apache.catalina.core.StandardWrapperValve.invoke Allocate exception for servlet TradingBean
 org.apache.jasper.JasperException: Unable to compile class for JSP: 

An error occurred at line: 57 in the jsp file: /trading.jsp
Syntax error on token "hej", AssignmentOperator expected after this token
54: 		<jsp:setProperty name="user" property="*"/>
55: 		<jsp:setProperty name="post" property="*"/>
56: 
57: 		<% if(session.isNew()){ hej!%>
58: 		<h1>Ny session!</h1>
59: 		<form>
60: 			Nickname<input type="text" name="nickname"><br>


An error occurred at line: 57 in the jsp file: /trading.jsp
hej cannot be resolved to a variable
54: 		<jsp:setProperty name="user" property="*"/>
55: 		<jsp:setProperty name="post" property="*"/>
56: 
57: 		<% if(session.isNew()){ hej!%>
58: 		<h1>Ny session!</h1>
59: 		<form>
60: 			Nickname<input type="text" name="nickname"><br>


An error occurred at line: 57 in the jsp file: /trading.jsp
The operator ! is undefined for the argument type(s) void
54: 		<jsp:setProperty name="user" property="*"/>
55: 		<jsp:setProperty name="post" property="*"/>
56: 
57: 		<% if(session.isNew()){ hej!%>
58: 		<h1>Ny session!</h1>
59: 		<form>
60: 			Nickname<input type="text" name="nickname"><br>


Stacktrace:
	at org.apache.jasper.compiler.DefaultErrorHandler.javacError(DefaultErrorHandler.java:102)
	at org.apache.jasper.compiler.ErrorDispatcher.javacError(ErrorDispatcher.java:198)
	at org.apache.jasper.compiler.JDTCompiler.generateClass(JDTCompiler.java:449)
	at org.apache.jasper.compiler.Compiler.compile(Compiler.java:361)
	at org.apache.jasper.compiler.Compiler.compile(Compiler.java:336)
	at org.apache.jasper.compiler.Compiler.compile(Compiler.java:323)
	at org.apache.jasper.JspCompilationContext.compile(JspCompilationContext.java:585)
	at org.apache.jasper.servlet.JspServletWrapper.service(JspServletWrapper.java:363)
	at org.apache.jasper.servlet.JspServlet.serviceJspFile(JspServlet.java:396)
	at org.apache.jasper.servlet.JspServlet.init(JspServlet.java:138)
	at org.apache.catalina.core.StandardWrapper.initServlet(StandardWrapper.java:1238)
	at org.apache.catalina.core.StandardWrapper.loadServlet(StandardWrapper.java:1151)
	at org.apache.catalina.core.StandardWrapper.allocate(StandardWrapper.java:828)
	at org.apache.catalina.core.StandardWrapperValve.invoke(StandardWrapperValve.java:135)
	at org.apache.catalina.core.StandardContextValve.invoke(StandardContextValve.java:106)
	at org.apache.catalina.authenticator.AuthenticatorBase.invoke(AuthenticatorBase.java:502)
	at org.apache.catalina.core.StandardHostValve.invoke(StandardHostValve.java:141)
	at org.apache.catalina.valves.ErrorReportValve.invoke(ErrorReportValve.java:79)
	at org.apache.catalina.valves.AbstractAccessLogValve.invoke(AbstractAccessLogValve.java:616)
	at org.apache.catalina.core.StandardEngineValve.invoke(StandardEngineValve.java:88)
	at org.apache.catalina.connector.CoyoteAdapter.service(CoyoteAdapter.java:522)
	at org.apache.coyote.http11.AbstractHttp11Processor.process(AbstractHttp11Processor.java:1095)
	at org.apache.coyote.AbstractProtocol$AbstractConnectionHandler.process(AbstractProtocol.java:672)
	at org.apache.tomcat.util.net.NioEndpoint$SocketProcessor.doRun(NioEndpoint.java:1500)
	at org.apache.tomcat.util.net.NioEndpoint$SocketProcessor.run(NioEndpoint.java:1456)
	at java.util.concurrent.ThreadPoolExecutor.runWorker(ThreadPoolExecutor.java:1142)
	at java.util.concurrent.ThreadPoolExecutor$Worker.run(ThreadPoolExecutor.java:617)
	at org.apache.tomcat.util.threads.TaskThread$WrappingRunnable.run(TaskThread.java:61)
	at java.lang.Thread.run(Thread.java:745)

27-Feb-2016 19:32:38.465 SEVERE [localhost-startStop-12] org.apache.catalina.core.StandardContext.loadOnStartup Servlet [TradingBean] in web application [/trading_bean] threw load() exception
 org.apache.jasper.JasperException: Unable to compile class for JSP: 

An error occurred at line: 37 in the jsp file: /trading.jsp
Syntax error on token "hej", AssignmentOperator expected after this token
34: 		<jsp:setProperty name="user" property="*"/>
35: 		<jsp:setProperty name="post" property="*"/>
36: 
37: 		<% if(session.isNew()){ hej!%>
38: 
39: <div id="wrap">
40: 	<div id="main">


An error occurred at line: 37 in the jsp file: /trading.jsp
hej cannot be resolved to a variable
34: 		<jsp:setProperty name="user" property="*"/>
35: 		<jsp:setProperty name="post" property="*"/>
36: 
37: 		<% if(session.isNew()){ hej!%>
38: 
39: <div id="wrap">
40: 	<div id="main">


An error occurred at line: 37 in the jsp file: /trading.jsp
The operator ! is undefined for the argument type(s) void
34: 		<jsp:setProperty name="user" property="*"/>
35: 		<jsp:setProperty name="post" property="*"/>
36: 
37: 		<% if(session.isNew()){ hej!%>
38: 
39: <div id="wrap">
40: 	<div id="main">


Stacktrace:
	at org.apache.jasper.compiler.DefaultErrorHandler.javacError(DefaultErrorHandler.java:102)
	at org.apache.jasper.compiler.ErrorDispatcher.javacError(ErrorDispatcher.java:198)
	at org.apache.jasper.compiler.JDTCompiler.generateClass(JDTCompiler.java:449)
	at org.apache.jasper.compiler.Compiler.compile(Compiler.java:361)
	at org.apache.jasper.compiler.Compiler.compile(Compiler.java:336)
	at org.apache.jasper.compiler.Compiler.compile(Compiler.java:323)
	at org.apache.jasper.JspCompilationContext.compile(JspCompilationContext.java:585)
	at org.apache.jasper.servlet.JspServletWrapper.service(JspServletWrapper.java:363)
	at org.apache.jasper.servlet.JspServlet.serviceJspFile(JspServlet.java:396)
	at org.apache.jasper.servlet.JspServlet.init(JspServlet.java:138)
	at org.apache.catalina.core.StandardWrapper.initServlet(StandardWrapper.java:1238)
	at org.apache.catalina.core.StandardWrapper.loadServlet(StandardWrapper.java:1151)
	at org.apache.catalina.core.StandardWrapper.load(StandardWrapper.java:1038)
	at org.apache.catalina.core.StandardContext.loadOnStartup(StandardContext.java:4997)
	at org.apache.catalina.core.StandardContext.startInternal(StandardContext.java:5289)
	at org.apache.catalina.util.LifecycleBase.start(LifecycleBase.java:147)
	at org.apache.catalina.core.ContainerBase.addChildInternal(ContainerBase.java:725)
	at org.apache.catalina.core.ContainerBase.addChild(ContainerBase.java:701)
	at org.apache.catalina.core.StandardHost.addChild(StandardHost.java:717)
	at org.apache.catalina.startup.HostConfig.deployWAR(HostConfig.java:939)
	at org.apache.catalina.startup.HostConfig$DeployWar.run(HostConfig.java:1812)
	at java.util.concurrent.Executors$RunnableAdapter.call(Executors.java:511)
	at java.util.concurrent.FutureTask.run(FutureTask.java:266)
	at java.util.concurrent.ThreadPoolExecutor.runWorker(ThreadPoolExecutor.java:1142)
	at java.util.concurrent.ThreadPoolExecutor$Worker.run(ThreadPoolExecutor.java:617)
	at java.lang.Thread.run(Thread.java:745)

27-Feb-2016 19:32:51.011 SEVERE [http-nio-8080-exec-29] org.apache.catalina.core.StandardWrapperValve.invoke Allocate exception for servlet TradingBean
 org.apache.jasper.JasperException: Unable to compile class for JSP: 

An error occurred at line: 37 in the jsp file: /trading.jsp
Syntax error on token "hej", AssignmentOperator expected after this token
34: 		<jsp:setProperty name="user" property="*"/>
35: 		<jsp:setProperty name="post" property="*"/>
36: 
37: 		<% if(session.isNew()){ hej!%>
38: 
39: <div id="wrap">
40: 	<div id="main">


An error occurred at line: 37 in the jsp file: /trading.jsp
hej cannot be resolved to a variable
34: 		<jsp:setProperty name="user" property="*"/>
35: 		<jsp:setProperty name="post" property="*"/>
36: 
37: 		<% if(session.isNew()){ hej!%>
38: 
39: <div id="wrap">
40: 	<div id="main">


An error occurred at line: 37 in the jsp file: /trading.jsp
The operator ! is undefined for the argument type(s) void
34: 		<jsp:setProperty name="user" property="*"/>
35: 		<jsp:setProperty name="post" property="*"/>
36: 
37: 		<% if(session.isNew()){ hej!%>
38: 
39: <div id="wrap">
40: 	<div id="main">


Stacktrace:
	at org.apache.jasper.compiler.DefaultErrorHandler.javacError(DefaultErrorHandler.java:102)
	at org.apache.jasper.compiler.ErrorDispatcher.javacError(ErrorDispatcher.java:198)
	at org.apache.jasper.compiler.JDTCompiler.generateClass(JDTCompiler.java:449)
	at org.apache.jasper.compiler.Compiler.compile(Compiler.java:361)
	at org.apache.jasper.compiler.Compiler.compile(Compiler.java:336)
	at org.apache.jasper.compiler.Compiler.compile(Compiler.java:323)
	at org.apache.jasper.JspCompilationContext.compile(JspCompilationContext.java:585)
	at org.apache.jasper.servlet.JspServletWrapper.service(JspServletWrapper.java:363)
	at org.apache.jasper.servlet.JspServlet.serviceJspFile(JspServlet.java:396)
	at org.apache.jasper.servlet.JspServlet.init(JspServlet.java:138)
	at org.apache.catalina.core.StandardWrapper.initServlet(StandardWrapper.java:1238)
	at org.apache.catalina.core.StandardWrapper.loadServlet(StandardWrapper.java:1151)
	at org.apache.catalina.core.StandardWrapper.allocate(StandardWrapper.java:828)
	at org.apache.catalina.core.StandardWrapperValve.invoke(StandardWrapperValve.java:135)
	at org.apache.catalina.core.StandardContextValve.invoke(StandardContextValve.java:106)
	at org.apache.catalina.authenticator.AuthenticatorBase.invoke(AuthenticatorBase.java:502)
	at org.apache.catalina.core.StandardHostValve.invoke(StandardHostValve.java:141)
	at org.apache.catalina.valves.ErrorReportValve.invoke(ErrorReportValve.java:79)
	at org.apache.catalina.valves.AbstractAccessLogValve.invoke(AbstractAccessLogValve.java:616)
	at org.apache.catalina.core.StandardEngineValve.invoke(StandardEngineValve.java:88)
	at org.apache.catalina.connector.CoyoteAdapter.service(CoyoteAdapter.java:522)
	at org.apache.coyote.http11.AbstractHttp11Processor.process(AbstractHttp11Processor.java:1095)
	at org.apache.coyote.AbstractProtocol$AbstractConnectionHandler.process(AbstractProtocol.java:672)
	at org.apache.tomcat.util.net.NioEndpoint$SocketProcessor.doRun(NioEndpoint.java:1500)
	at org.apache.tomcat.util.net.NioEndpoint$SocketProcessor.run(NioEndpoint.java:1456)
	at java.util.concurrent.ThreadPoolExecutor.runWorker(ThreadPoolExecutor.java:1142)
	at java.util.concurrent.ThreadPoolExecutor$Worker.run(ThreadPoolExecutor.java:617)
	at org.apache.tomcat.util.threads.TaskThread$WrappingRunnable.run(TaskThread.java:61)
	at java.lang.Thread.run(Thread.java:745)

27-Feb-2016 19:32:52.060 SEVERE [http-nio-8080-exec-31] org.apache.catalina.core.StandardWrapperValve.invoke Allocate exception for servlet TradingBean
 org.apache.jasper.JasperException: Unable to compile class for JSP: 

An error occurred at line: 37 in the jsp file: /trading.jsp
Syntax error on token "hej", AssignmentOperator expected after this token
34: 		<jsp:setProperty name="user" property="*"/>
35: 		<jsp:setProperty name="post" property="*"/>
36: 
37: 		<% if(session.isNew()){ hej!%>
38: 
39: <div id="wrap">
40: 	<div id="main">


An error occurred at line: 37 in the jsp file: /trading.jsp
hej cannot be resolved to a variable
34: 		<jsp:setProperty name="user" property="*"/>
35: 		<jsp:setProperty name="post" property="*"/>
36: 
37: 		<% if(session.isNew()){ hej!%>
38: 
39: <div id="wrap">
40: 	<div id="main">


An error occurred at line: 37 in the jsp file: /trading.jsp
The operator ! is undefined for the argument type(s) void
34: 		<jsp:setProperty name="user" property="*"/>
35: 		<jsp:setProperty name="post" property="*"/>
36: 
37: 		<% if(session.isNew()){ hej!%>
38: 
39: <div id="wrap">
40: 	<div id="main">


Stacktrace:
	at org.apache.jasper.compiler.DefaultErrorHandler.javacError(DefaultErrorHandler.java:102)
	at org.apache.jasper.compiler.ErrorDispatcher.javacError(ErrorDispatcher.java:198)
	at org.apache.jasper.compiler.JDTCompiler.generateClass(JDTCompiler.java:449)
	at org.apache.jasper.compiler.Compiler.compile(Compiler.java:361)
	at org.apache.jasper.compiler.Compiler.compile(Compiler.java:336)
	at org.apache.jasper.compiler.Compiler.compile(Compiler.java:323)
	at org.apache.jasper.JspCompilationContext.compile(JspCompilationContext.java:585)
	at org.apache.jasper.servlet.JspServletWrapper.service(JspServletWrapper.java:363)
	at org.apache.jasper.servlet.JspServlet.serviceJspFile(JspServlet.java:396)
	at org.apache.jasper.servlet.JspServlet.init(JspServlet.java:138)
	at org.apache.catalina.core.StandardWrapper.initServlet(StandardWrapper.java:1238)
	at org.apache.catalina.core.StandardWrapper.loadServlet(StandardWrapper.java:1151)
	at org.apache.catalina.core.StandardWrapper.allocate(StandardWrapper.java:828)
	at org.apache.catalina.core.StandardWrapperValve.invoke(StandardWrapperValve.java:135)
	at org.apache.catalina.core.StandardContextValve.invoke(StandardContextValve.java:106)
	at org.apache.catalina.authenticator.AuthenticatorBase.invoke(AuthenticatorBase.java:502)
	at org.apache.catalina.core.StandardHostValve.invoke(StandardHostValve.java:141)
	at org.apache.catalina.valves.ErrorReportValve.invoke(ErrorReportValve.java:79)
	at org.apache.catalina.valves.AbstractAccessLogValve.invoke(AbstractAccessLogValve.java:616)
	at org.apache.catalina.core.StandardEngineValve.invoke(StandardEngineValve.java:88)
	at org.apache.catalina.connector.CoyoteAdapter.service(CoyoteAdapter.java:522)
	at org.apache.coyote.http11.AbstractHttp11Processor.process(AbstractHttp11Processor.java:1095)
	at org.apache.coyote.AbstractProtocol$AbstractConnectionHandler.process(AbstractProtocol.java:672)
	at org.apache.tomcat.util.net.NioEndpoint$SocketProcessor.doRun(NioEndpoint.java:1500)
	at org.apache.tomcat.util.net.NioEndpoint$SocketProcessor.run(NioEndpoint.java:1456)
	at java.util.concurrent.ThreadPoolExecutor.runWorker(ThreadPoolExecutor.java:1142)
	at java.util.concurrent.ThreadPoolExecutor$Worker.run(ThreadPoolExecutor.java:617)
	at org.apache.tomcat.util.threads.TaskThread$WrappingRunnable.run(TaskThread.java:61)
	at java.lang.Thread.run(Thread.java:745)

27-Feb-2016 19:32:58.634 SEVERE [localhost-startStop-13] org.apache.catalina.core.StandardContext.loadOnStartup Servlet [TradingBean] in web application [/trading_bean] threw load() exception
 org.apache.jasper.JasperException: Unable to compile class for JSP: 

An error occurred at line: 37 in the jsp file: /trading.jsp
Syntax error on token "hej", AssignmentOperator expected after this token
34: 		<jsp:setProperty name="user" property="*"/>
35: 		<jsp:setProperty name="post" property="*"/>
36: 
37: 		<% if(session.isNew()){ hej!%>
38: 
39: 
40: 


An error occurred at line: 37 in the jsp file: /trading.jsp
hej cannot be resolved to a variable
34: 		<jsp:setProperty name="user" property="*"/>
35: 		<jsp:setProperty name="post" property="*"/>
36: 
37: 		<% if(session.isNew()){ hej!%>
38: 
39: 
40: 


An error occurred at line: 37 in the jsp file: /trading.jsp
The operator ! is undefined for the argument type(s) void
34: 		<jsp:setProperty name="user" property="*"/>
35: 		<jsp:setProperty name="post" property="*"/>
36: 
37: 		<% if(session.isNew()){ hej!%>
38: 
39: 
40: 


Stacktrace:
	at org.apache.jasper.compiler.DefaultErrorHandler.javacError(DefaultErrorHandler.java:102)
	at org.apache.jasper.compiler.ErrorDispatcher.javacError(ErrorDispatcher.java:198)
	at org.apache.jasper.compiler.JDTCompiler.generateClass(JDTCompiler.java:449)
	at org.apache.jasper.compiler.Compiler.compile(Compiler.java:361)
	at org.apache.jasper.compiler.Compiler.compile(Compiler.java:336)
	at org.apache.jasper.compiler.Compiler.compile(Compiler.java:323)
	at org.apache.jasper.JspCompilationContext.compile(JspCompilationContext.java:585)
	at org.apache.jasper.servlet.JspServletWrapper.service(JspServletWrapper.java:363)
	at org.apache.jasper.servlet.JspServlet.serviceJspFile(JspServlet.java:396)
	at org.apache.jasper.servlet.JspServlet.init(JspServlet.java:138)
	at org.apache.catalina.core.StandardWrapper.initServlet(StandardWrapper.java:1238)
	at org.apache.catalina.core.StandardWrapper.loadServlet(StandardWrapper.java:1151)
	at org.apache.catalina.core.StandardWrapper.load(StandardWrapper.java:1038)
	at org.apache.catalina.core.StandardContext.loadOnStartup(StandardContext.java:4997)
	at org.apache.catalina.core.StandardContext.startInternal(StandardContext.java:5289)
	at org.apache.catalina.util.LifecycleBase.start(LifecycleBase.java:147)
	at org.apache.catalina.core.ContainerBase.addChildInternal(ContainerBase.java:725)
	at org.apache.catalina.core.ContainerBase.addChild(ContainerBase.java:701)
	at org.apache.catalina.core.StandardHost.addChild(StandardHost.java:717)
	at org.apache.catalina.startup.HostConfig.deployWAR(HostConfig.java:939)
	at org.apache.catalina.startup.HostConfig$DeployWar.run(HostConfig.java:1812)
	at java.util.concurrent.Executors$RunnableAdapter.call(Executors.java:511)
	at java.util.concurrent.FutureTask.run(FutureTask.java:266)
	at java.util.concurrent.ThreadPoolExecutor.runWorker(ThreadPoolExecutor.java:1142)
	at java.util.concurrent.ThreadPoolExecutor$Worker.run(ThreadPoolExecutor.java:617)
	at java.lang.Thread.run(Thread.java:745)

27-Feb-2016 19:35:49.498 SEVERE [localhost-startStop-16] org.apache.catalina.core.StandardContext.loadOnStartup Servlet [TradingBean] in web application [/trading_bean] threw load() exception
 org.apache.jasper.JasperException: Unable to compile class for JSP: 

An error occurred at line: 65 in the jsp file: /trading.jsp
Syntax error, insert ")" to complete MethodInvocation
62: 
63: 		<h1>Ny session!</h1>
64: 
65: 		<h1><%=${pageContext.request.contextPath}%></h1>
66: 
67: 		<form>
68: 			Nickname<input type="text" name="nickname"><br>


An error occurred at line: 65 in the jsp file: /trading.jsp
Syntax error, insert ";" to complete Statement
62: 
63: 		<h1>Ny session!</h1>
64: 
65: 		<h1><%=${pageContext.request.contextPath}%></h1>
66: 
67: 		<form>
68: 			Nickname<input type="text" name="nickname"><br>


An error occurred at line: 65 in the jsp file: /trading.jsp
$ cannot be resolved to a variable
62: 
63: 		<h1>Ny session!</h1>
64: 
65: 		<h1><%=${pageContext.request.contextPath}%></h1>
66: 
67: 		<form>
68: 			Nickname<input type="text" name="nickname"><br>


An error occurred at line: 65 in the jsp file: /trading.jsp
request cannot be resolved or is not a field
62: 
63: 		<h1>Ny session!</h1>
64: 
65: 		<h1><%=${pageContext.request.contextPath}%></h1>
66: 
67: 		<form>
68: 			Nickname<input type="text" name="nickname"><br>


An error occurred at line: 65 in the jsp file: /trading.jsp
Syntax error on token "}", ( expected
62: 
63: 		<h1>Ny session!</h1>
64: 
65: 		<h1><%=${pageContext.request.contextPath}%></h1>
66: 
67: 		<form>
68: 			Nickname<input type="text" name="nickname"><br>


An error occurred at line: [273] in the generated java file: [/Users/Nina/git/trading-webpage/apache-tomcat-8.0.32/work/Catalina/localhost/trading_bean/org/apache/jsp/trading_jsp.java]
Syntax error, insert "else Statement" to complete IfStatement

An error occurred at line: [273] in the generated java file: [/Users/Nina/git/trading-webpage/apache-tomcat-8.0.32/work/Catalina/localhost/trading_bean/org/apache/jsp/trading_jsp.java]
Syntax error, insert "}" to complete Block

Stacktrace:
	at org.apache.jasper.compiler.DefaultErrorHandler.javacError(DefaultErrorHandler.java:102)
	at org.apache.jasper.compiler.ErrorDispatcher.javacError(ErrorDispatcher.java:198)
	at org.apache.jasper.compiler.JDTCompiler.generateClass(JDTCompiler.java:449)
	at org.apache.jasper.compiler.Compiler.compile(Compiler.java:361)
	at org.apache.jasper.compiler.Compiler.compile(Compiler.java:336)
	at org.apache.jasper.compiler.Compiler.compile(Compiler.java:323)
	at org.apache.jasper.JspCompilationContext.compile(JspCompilationContext.java:585)
	at org.apache.jasper.servlet.JspServletWrapper.service(JspServletWrapper.java:363)
	at org.apache.jasper.servlet.JspServlet.serviceJspFile(JspServlet.java:396)
	at org.apache.jasper.servlet.JspServlet.init(JspServlet.java:138)
	at org.apache.catalina.core.StandardWrapper.initServlet(StandardWrapper.java:1238)
	at org.apache.catalina.core.StandardWrapper.loadServlet(StandardWrapper.java:1151)
	at org.apache.catalina.core.StandardWrapper.load(StandardWrapper.java:1038)
	at org.apache.catalina.core.StandardContext.loadOnStartup(StandardContext.java:4997)
	at org.apache.catalina.core.StandardContext.startInternal(StandardContext.java:5289)
	at org.apache.catalina.util.LifecycleBase.start(LifecycleBase.java:147)
	at org.apache.catalina.core.ContainerBase.addChildInternal(ContainerBase.java:725)
	at org.apache.catalina.core.ContainerBase.addChild(ContainerBase.java:701)
	at org.apache.catalina.core.StandardHost.addChild(StandardHost.java:717)
	at org.apache.catalina.startup.HostConfig.deployWAR(HostConfig.java:939)
	at org.apache.catalina.startup.HostConfig$DeployWar.run(HostConfig.java:1812)
	at java.util.concurrent.Executors$RunnableAdapter.call(Executors.java:511)
	at java.util.concurrent.FutureTask.run(FutureTask.java:266)
	at java.util.concurrent.ThreadPoolExecutor.runWorker(ThreadPoolExecutor.java:1142)
	at java.util.concurrent.ThreadPoolExecutor$Worker.run(ThreadPoolExecutor.java:617)
	at java.lang.Thread.run(Thread.java:745)

27-Feb-2016 19:35:50.514 SEVERE [http-nio-8080-exec-42] org.apache.catalina.core.StandardWrapperValve.invoke Allocate exception for servlet TradingBean
 org.apache.jasper.JasperException: Unable to compile class for JSP: 

An error occurred at line: 65 in the jsp file: /trading.jsp
Syntax error, insert ")" to complete MethodInvocation
62: 
63: 		<h1>Ny session!</h1>
64: 
65: 		<h1><%=${pageContext.request.contextPath}%></h1>
66: 
67: 		<form>
68: 			Nickname<input type="text" name="nickname"><br>


An error occurred at line: 65 in the jsp file: /trading.jsp
Syntax error, insert ";" to complete Statement
62: 
63: 		<h1>Ny session!</h1>
64: 
65: 		<h1><%=${pageContext.request.contextPath}%></h1>
66: 
67: 		<form>
68: 			Nickname<input type="text" name="nickname"><br>


An error occurred at line: 65 in the jsp file: /trading.jsp
$ cannot be resolved to a variable
62: 
63: 		<h1>Ny session!</h1>
64: 
65: 		<h1><%=${pageContext.request.contextPath}%></h1>
66: 
67: 		<form>
68: 			Nickname<input type="text" name="nickname"><br>


An error occurred at line: 65 in the jsp file: /trading.jsp
request cannot be resolved or is not a field
62: 
63: 		<h1>Ny session!</h1>
64: 
65: 		<h1><%=${pageContext.request.contextPath}%></h1>
66: 
67: 		<form>
68: 			Nickname<input type="text" name="nickname"><br>


An error occurred at line: 65 in the jsp file: /trading.jsp
Syntax error on token "}", ( expected
62: 
63: 		<h1>Ny session!</h1>
64: 
65: 		<h1><%=${pageContext.request.contextPath}%></h1>
66: 
67: 		<form>
68: 			Nickname<input type="text" name="nickname"><br>


An error occurred at line: [273] in the generated java file: [/Users/Nina/git/trading-webpage/apache-tomcat-8.0.32/work/Catalina/localhost/trading_bean/org/apache/jsp/trading_jsp.java]
Syntax error, insert "else Statement" to complete IfStatement

An error occurred at line: [273] in the generated java file: [/Users/Nina/git/trading-webpage/apache-tomcat-8.0.32/work/Catalina/localhost/trading_bean/org/apache/jsp/trading_jsp.java]
Syntax error, insert "}" to complete Block

Stacktrace:
	at org.apache.jasper.compiler.DefaultErrorHandler.javacError(DefaultErrorHandler.java:102)
	at org.apache.jasper.compiler.ErrorDispatcher.javacError(ErrorDispatcher.java:198)
	at org.apache.jasper.compiler.JDTCompiler.generateClass(JDTCompiler.java:449)
	at org.apache.jasper.compiler.Compiler.compile(Compiler.java:361)
	at org.apache.jasper.compiler.Compiler.compile(Compiler.java:336)
	at org.apache.jasper.compiler.Compiler.compile(Compiler.java:323)
	at org.apache.jasper.JspCompilationContext.compile(JspCompilationContext.java:585)
	at org.apache.jasper.servlet.JspServletWrapper.service(JspServletWrapper.java:363)
	at org.apache.jasper.servlet.JspServlet.serviceJspFile(JspServlet.java:396)
	at org.apache.jasper.servlet.JspServlet.init(JspServlet.java:138)
	at org.apache.catalina.core.StandardWrapper.initServlet(StandardWrapper.java:1238)
	at org.apache.catalina.core.StandardWrapper.loadServlet(StandardWrapper.java:1151)
	at org.apache.catalina.core.StandardWrapper.allocate(StandardWrapper.java:828)
	at org.apache.catalina.core.StandardWrapperValve.invoke(StandardWrapperValve.java:135)
	at org.apache.catalina.core.StandardContextValve.invoke(StandardContextValve.java:106)
	at org.apache.catalina.authenticator.AuthenticatorBase.invoke(AuthenticatorBase.java:502)
	at org.apache.catalina.core.StandardHostValve.invoke(StandardHostValve.java:141)
	at org.apache.catalina.valves.ErrorReportValve.invoke(ErrorReportValve.java:79)
	at org.apache.catalina.valves.AbstractAccessLogValve.invoke(AbstractAccessLogValve.java:616)
	at org.apache.catalina.core.StandardEngineValve.invoke(StandardEngineValve.java:88)
	at org.apache.catalina.connector.CoyoteAdapter.service(CoyoteAdapter.java:522)
	at org.apache.coyote.http11.AbstractHttp11Processor.process(AbstractHttp11Processor.java:1095)
	at org.apache.coyote.AbstractProtocol$AbstractConnectionHandler.process(AbstractProtocol.java:672)
	at org.apache.tomcat.util.net.NioEndpoint$SocketProcessor.doRun(NioEndpoint.java:1500)
	at org.apache.tomcat.util.net.NioEndpoint$SocketProcessor.run(NioEndpoint.java:1456)
	at java.util.concurrent.ThreadPoolExecutor.runWorker(ThreadPoolExecutor.java:1142)
	at java.util.concurrent.ThreadPoolExecutor$Worker.run(ThreadPoolExecutor.java:617)
	at org.apache.tomcat.util.threads.TaskThread$WrappingRunnable.run(TaskThread.java:61)
	at java.lang.Thread.run(Thread.java:745)

27-Feb-2016 19:36:56.490 SEVERE [http-nio-8080-exec-44] org.apache.catalina.core.StandardWrapperValve.invoke Allocate exception for servlet TradingBean
 org.apache.jasper.JasperException: Unable to compile class for JSP: 

An error occurred at line: 65 in the jsp file: /trading.jsp
Syntax error, insert ")" to complete MethodInvocation
62: 
63: 		<h1>Ny session!</h1>
64: 
65: 		<h1><%=${pageContext.request.contextPath}%></h1>
66: 
67: 		<form>
68: 			Nickname<input type="text" name="nickname"><br>


An error occurred at line: 65 in the jsp file: /trading.jsp
Syntax error, insert ";" to complete Statement
62: 
63: 		<h1>Ny session!</h1>
64: 
65: 		<h1><%=${pageContext.request.contextPath}%></h1>
66: 
67: 		<form>
68: 			Nickname<input type="text" name="nickname"><br>


An error occurred at line: 65 in the jsp file: /trading.jsp
$ cannot be resolved to a variable
62: 
63: 		<h1>Ny session!</h1>
64: 
65: 		<h1><%=${pageContext.request.contextPath}%></h1>
66: 
67: 		<form>
68: 			Nickname<input type="text" name="nickname"><br>


An error occurred at line: 65 in the jsp file: /trading.jsp
request cannot be resolved or is not a field
62: 
63: 		<h1>Ny session!</h1>
64: 
65: 		<h1><%=${pageContext.request.contextPath}%></h1>
66: 
67: 		<form>
68: 			Nickname<input type="text" name="nickname"><br>


An error occurred at line: 65 in the jsp file: /trading.jsp
Syntax error on token "}", ( expected
62: 
63: 		<h1>Ny session!</h1>
64: 
65: 		<h1><%=${pageContext.request.contextPath}%></h1>
66: 
67: 		<form>
68: 			Nickname<input type="text" name="nickname"><br>


An error occurred at line: [273] in the generated java file: [/Users/Nina/git/trading-webpage/apache-tomcat-8.0.32/work/Catalina/localhost/trading_bean/org/apache/jsp/trading_jsp.java]
Syntax error, insert "else Statement" to complete IfStatement

An error occurred at line: [273] in the generated java file: [/Users/Nina/git/trading-webpage/apache-tomcat-8.0.32/work/Catalina/localhost/trading_bean/org/apache/jsp/trading_jsp.java]
Syntax error, insert "}" to complete Block

Stacktrace:
	at org.apache.jasper.compiler.DefaultErrorHandler.javacError(DefaultErrorHandler.java:102)
	at org.apache.jasper.compiler.ErrorDispatcher.javacError(ErrorDispatcher.java:198)
	at org.apache.jasper.compiler.JDTCompiler.generateClass(JDTCompiler.java:449)
	at org.apache.jasper.compiler.Compiler.compile(Compiler.java:361)
	at org.apache.jasper.compiler.Compiler.compile(Compiler.java:336)
	at org.apache.jasper.compiler.Compiler.compile(Compiler.java:323)
	at org.apache.jasper.JspCompilationContext.compile(JspCompilationContext.java:585)
	at org.apache.jasper.servlet.JspServletWrapper.service(JspServletWrapper.java:363)
	at org.apache.jasper.servlet.JspServlet.serviceJspFile(JspServlet.java:396)
	at org.apache.jasper.servlet.JspServlet.init(JspServlet.java:138)
	at org.apache.catalina.core.StandardWrapper.initServlet(StandardWrapper.java:1238)
	at org.apache.catalina.core.StandardWrapper.loadServlet(StandardWrapper.java:1151)
	at org.apache.catalina.core.StandardWrapper.allocate(StandardWrapper.java:828)
	at org.apache.catalina.core.StandardWrapperValve.invoke(StandardWrapperValve.java:135)
	at org.apache.catalina.core.StandardContextValve.invoke(StandardContextValve.java:106)
	at org.apache.catalina.authenticator.AuthenticatorBase.invoke(AuthenticatorBase.java:502)
	at org.apache.catalina.core.StandardHostValve.invoke(StandardHostValve.java:141)
	at org.apache.catalina.valves.ErrorReportValve.invoke(ErrorReportValve.java:79)
	at org.apache.catalina.valves.AbstractAccessLogValve.invoke(AbstractAccessLogValve.java:616)
	at org.apache.catalina.core.StandardEngineValve.invoke(StandardEngineValve.java:88)
	at org.apache.catalina.connector.CoyoteAdapter.service(CoyoteAdapter.java:522)
	at org.apache.coyote.http11.AbstractHttp11Processor.process(AbstractHttp11Processor.java:1095)
	at org.apache.coyote.AbstractProtocol$AbstractConnectionHandler.process(AbstractProtocol.java:672)
	at org.apache.tomcat.util.net.NioEndpoint$SocketProcessor.doRun(NioEndpoint.java:1500)
	at org.apache.tomcat.util.net.NioEndpoint$SocketProcessor.run(NioEndpoint.java:1456)
	at java.util.concurrent.ThreadPoolExecutor.runWorker(ThreadPoolExecutor.java:1142)
	at java.util.concurrent.ThreadPoolExecutor$Worker.run(ThreadPoolExecutor.java:617)
	at org.apache.tomcat.util.threads.TaskThread$WrappingRunnable.run(TaskThread.java:61)
	at java.lang.Thread.run(Thread.java:745)

27-Feb-2016 19:36:58.345 SEVERE [http-nio-8080-exec-11] org.apache.catalina.core.StandardWrapperValve.invoke Allocate exception for servlet TradingBean
 org.apache.jasper.JasperException: Unable to compile class for JSP: 

An error occurred at line: 65 in the jsp file: /trading.jsp
Syntax error, insert ")" to complete MethodInvocation
62: 
63: 		<h1>Ny session!</h1>
64: 
65: 		<h1><%=${pageContext.request.contextPath}%></h1>
66: 
67: 		<form>
68: 			Nickname<input type="text" name="nickname"><br>


An error occurred at line: 65 in the jsp file: /trading.jsp
Syntax error, insert ";" to complete Statement
62: 
63: 		<h1>Ny session!</h1>
64: 
65: 		<h1><%=${pageContext.request.contextPath}%></h1>
66: 
67: 		<form>
68: 			Nickname<input type="text" name="nickname"><br>


An error occurred at line: 65 in the jsp file: /trading.jsp
$ cannot be resolved to a variable
62: 
63: 		<h1>Ny session!</h1>
64: 
65: 		<h1><%=${pageContext.request.contextPath}%></h1>
66: 
67: 		<form>
68: 			Nickname<input type="text" name="nickname"><br>


An error occurred at line: 65 in the jsp file: /trading.jsp
request cannot be resolved or is not a field
62: 
63: 		<h1>Ny session!</h1>
64: 
65: 		<h1><%=${pageContext.request.contextPath}%></h1>
66: 
67: 		<form>
68: 			Nickname<input type="text" name="nickname"><br>


An error occurred at line: 65 in the jsp file: /trading.jsp
Syntax error on token "}", ( expected
62: 
63: 		<h1>Ny session!</h1>
64: 
65: 		<h1><%=${pageContext.request.contextPath}%></h1>
66: 
67: 		<form>
68: 			Nickname<input type="text" name="nickname"><br>


An error occurred at line: [273] in the generated java file: [/Users/Nina/git/trading-webpage/apache-tomcat-8.0.32/work/Catalina/localhost/trading_bean/org/apache/jsp/trading_jsp.java]
Syntax error, insert "else Statement" to complete IfStatement

An error occurred at line: [273] in the generated java file: [/Users/Nina/git/trading-webpage/apache-tomcat-8.0.32/work/Catalina/localhost/trading_bean/org/apache/jsp/trading_jsp.java]
Syntax error, insert "}" to complete Block

Stacktrace:
	at org.apache.jasper.compiler.DefaultErrorHandler.javacError(DefaultErrorHandler.java:102)
	at org.apache.jasper.compiler.ErrorDispatcher.javacError(ErrorDispatcher.java:198)
	at org.apache.jasper.compiler.JDTCompiler.generateClass(JDTCompiler.java:449)
	at org.apache.jasper.compiler.Compiler.compile(Compiler.java:361)
	at org.apache.jasper.compiler.Compiler.compile(Compiler.java:336)
	at org.apache.jasper.compiler.Compiler.compile(Compiler.java:323)
	at org.apache.jasper.JspCompilationContext.compile(JspCompilationContext.java:585)
	at org.apache.jasper.servlet.JspServletWrapper.service(JspServletWrapper.java:363)
	at org.apache.jasper.servlet.JspServlet.serviceJspFile(JspServlet.java:396)
	at org.apache.jasper.servlet.JspServlet.init(JspServlet.java:138)
	at org.apache.catalina.core.StandardWrapper.initServlet(StandardWrapper.java:1238)
	at org.apache.catalina.core.StandardWrapper.loadServlet(StandardWrapper.java:1151)
	at org.apache.catalina.core.StandardWrapper.allocate(StandardWrapper.java:828)
	at org.apache.catalina.core.StandardWrapperValve.invoke(StandardWrapperValve.java:135)
	at org.apache.catalina.core.StandardContextValve.invoke(StandardContextValve.java:106)
	at org.apache.catalina.authenticator.AuthenticatorBase.invoke(AuthenticatorBase.java:502)
	at org.apache.catalina.core.StandardHostValve.invoke(StandardHostValve.java:141)
	at org.apache.catalina.valves.ErrorReportValve.invoke(ErrorReportValve.java:79)
	at org.apache.catalina.valves.AbstractAccessLogValve.invoke(AbstractAccessLogValve.java:616)
	at org.apache.catalina.core.StandardEngineValve.invoke(StandardEngineValve.java:88)
	at org.apache.catalina.connector.CoyoteAdapter.service(CoyoteAdapter.java:522)
	at org.apache.coyote.http11.AbstractHttp11Processor.process(AbstractHttp11Processor.java:1095)
	at org.apache.coyote.AbstractProtocol$AbstractConnectionHandler.process(AbstractProtocol.java:672)
	at org.apache.tomcat.util.net.NioEndpoint$SocketProcessor.doRun(NioEndpoint.java:1500)
	at org.apache.tomcat.util.net.NioEndpoint$SocketProcessor.run(NioEndpoint.java:1456)
	at java.util.concurrent.ThreadPoolExecutor.runWorker(ThreadPoolExecutor.java:1142)
	at java.util.concurrent.ThreadPoolExecutor$Worker.run(ThreadPoolExecutor.java:617)
	at org.apache.tomcat.util.threads.TaskThread$WrappingRunnable.run(TaskThread.java:61)
	at java.lang.Thread.run(Thread.java:745)

27-Feb-2016 19:47:52.381 INFO [localhost-startStop-21] org.apache.catalina.core.ApplicationContext.log SessionListener: contextDestroyed()
27-Feb-2016 19:47:52.381 INFO [localhost-startStop-21] org.apache.catalina.core.ApplicationContext.log ContextListener: contextDestroyed()
27-Feb-2016 19:47:55.046 INFO [localhost-startStop-1] org.apache.catalina.core.ApplicationContext.log ContextListener: contextInitialized()
27-Feb-2016 19:47:55.047 INFO [localhost-startStop-1] org.apache.catalina.core.ApplicationContext.log SessionListener: contextInitialized()
27-Feb-2016 19:57:28.525 INFO [localhost-startStop-4] org.apache.catalina.core.ApplicationContext.log SessionListener: contextDestroyed()
27-Feb-2016 19:57:28.525 INFO [localhost-startStop-4] org.apache.catalina.core.ApplicationContext.log ContextListener: contextDestroyed()
27-Feb-2016 19:57:31.124 INFO [localhost-startStop-1] org.apache.catalina.core.ApplicationContext.log ContextListener: contextInitialized()
27-Feb-2016 19:57:31.124 INFO [localhost-startStop-1] org.apache.catalina.core.ApplicationContext.log SessionListener: contextInitialized()
27-Feb-2016 19:59:15.989 INFO [localhost-startStop-3] org.apache.catalina.core.ApplicationContext.log SessionListener: contextDestroyed()
27-Feb-2016 19:59:15.989 INFO [localhost-startStop-3] org.apache.catalina.core.ApplicationContext.log ContextListener: contextDestroyed()
27-Feb-2016 19:59:18.937 INFO [localhost-startStop-1] org.apache.catalina.core.ApplicationContext.log ContextListener: contextInitialized()
27-Feb-2016 19:59:18.937 INFO [localhost-startStop-1] org.apache.catalina.core.ApplicationContext.log SessionListener: contextInitialized()
27-Feb-2016 19:59:59.140 INFO [localhost-startStop-3] org.apache.catalina.core.ApplicationContext.log SessionListener: contextDestroyed()
27-Feb-2016 19:59:59.140 INFO [localhost-startStop-3] org.apache.catalina.core.ApplicationContext.log ContextListener: contextDestroyed()
27-Feb-2016 20:00:02.109 INFO [localhost-startStop-1] org.apache.catalina.core.ApplicationContext.log ContextListener: contextInitialized()
27-Feb-2016 20:00:02.109 INFO [localhost-startStop-1] org.apache.catalina.core.ApplicationContext.log SessionListener: contextInitialized()
27-Feb-2016 20:02:26.160 INFO [localhost-startStop-1] org.apache.catalina.core.ApplicationContext.log ContextListener: contextInitialized()
27-Feb-2016 20:02:26.161 INFO [localhost-startStop-1] org.apache.catalina.core.ApplicationContext.log SessionListener: contextInitialized()
27-Feb-2016 20:02:26.669 INFO [localhost-startStop-1] org.apache.catalina.core.ApplicationContext.log SessionListener: contextDestroyed()
27-Feb-2016 20:02:26.669 INFO [localhost-startStop-1] org.apache.catalina.core.ApplicationContext.log ContextListener: contextDestroyed()
27-Feb-2016 20:02:27.363 INFO [localhost-startStop-4] org.apache.catalina.core.ApplicationContext.log SessionListener: contextDestroyed()
27-Feb-2016 20:02:27.363 INFO [localhost-startStop-4] org.apache.catalina.core.ApplicationContext.log ContextListener: contextDestroyed()
27-Feb-2016 20:02:27.764 INFO [localhost-startStop-1] org.apache.catalina.core.ApplicationContext.log ContextListener: contextInitialized()
27-Feb-2016 20:02:27.765 INFO [localhost-startStop-1] org.apache.catalina.core.ApplicationContext.log SessionListener: contextInitialized()
27-Feb-2016 20:02:29.943 INFO [localhost-startStop-1] org.apache.catalina.core.ApplicationContext.log ContextListener: contextInitialized()
27-Feb-2016 20:02:29.943 INFO [localhost-startStop-1] org.apache.catalina.core.ApplicationContext.log SessionListener: contextInitialized()
27-Feb-2016 20:02:30.494 INFO [localhost-startStop-1] org.apache.catalina.core.ApplicationContext.log SessionListener: contextDestroyed()
27-Feb-2016 20:02:30.494 INFO [localhost-startStop-1] org.apache.catalina.core.ApplicationContext.log ContextListener: contextDestroyed()
27-Feb-2016 20:02:42.219 INFO [localhost-startStop-1] org.apache.catalina.core.ApplicationContext.log ContextListener: contextInitialized()
27-Feb-2016 20:02:42.219 INFO [localhost-startStop-1] org.apache.catalina.core.ApplicationContext.log SessionListener: contextInitialized()
27-Feb-2016 20:02:42.837 INFO [localhost-startStop-1] org.apache.catalina.core.ApplicationContext.log SessionListener: contextDestroyed()
27-Feb-2016 20:02:42.838 INFO [localhost-startStop-1] org.apache.catalina.core.ApplicationContext.log ContextListener: contextDestroyed()
27-Feb-2016 20:03:17.238 INFO [localhost-startStop-4] org.apache.catalina.core.ApplicationContext.log SessionListener: contextDestroyed()
27-Feb-2016 20:03:17.238 INFO [localhost-startStop-4] org.apache.catalina.core.ApplicationContext.log ContextListener: contextDestroyed()
27-Feb-2016 20:03:20.203 INFO [localhost-startStop-1] org.apache.catalina.core.ApplicationContext.log ContextListener: contextInitialized()
27-Feb-2016 20:03:20.203 INFO [localhost-startStop-1] org.apache.catalina.core.ApplicationContext.log SessionListener: contextInitialized()
27-Feb-2016 20:06:06.058 INFO [localhost-startStop-2] org.apache.catalina.core.ApplicationContext.log SessionListener: contextDestroyed()
27-Feb-2016 20:06:06.058 INFO [localhost-startStop-2] org.apache.catalina.core.ApplicationContext.log ContextListener: contextDestroyed()
27-Feb-2016 20:06:08.670 INFO [localhost-startStop-1] org.apache.catalina.core.ApplicationContext.log ContextListener: contextInitialized()
27-Feb-2016 20:06:08.671 INFO [localhost-startStop-1] org.apache.catalina.core.ApplicationContext.log SessionListener: contextInitialized()
27-Feb-2016 20:12:36.194 INFO [localhost-startStop-4] org.apache.catalina.core.ApplicationContext.log SessionListener: contextDestroyed()
27-Feb-2016 20:12:36.194 INFO [localhost-startStop-4] org.apache.catalina.core.ApplicationContext.log ContextListener: contextDestroyed()
27-Feb-2016 20:12:39.184 INFO [localhost-startStop-1] org.apache.catalina.core.ApplicationContext.log ContextListener: contextInitialized()
27-Feb-2016 20:12:39.185 INFO [localhost-startStop-1] org.apache.catalina.core.ApplicationContext.log SessionListener: contextInitialized()
27-Feb-2016 22:02:13.061 INFO [localhost-startStop-10] org.apache.catalina.core.ApplicationContext.log SessionListener: contextDestroyed()
27-Feb-2016 22:02:13.061 INFO [localhost-startStop-10] org.apache.catalina.core.ApplicationContext.log ContextListener: contextDestroyed()
27-Feb-2016 22:02:16.046 INFO [localhost-startStop-1] org.apache.catalina.core.ApplicationContext.log ContextListener: contextInitialized()
27-Feb-2016 22:02:16.048 INFO [localhost-startStop-1] org.apache.catalina.core.ApplicationContext.log SessionListener: contextInitialized()
27-Feb-2016 22:10:54.708 INFO [localhost-startStop-5] org.apache.catalina.core.ApplicationContext.log SessionListener: contextDestroyed()
27-Feb-2016 22:10:54.708 INFO [localhost-startStop-5] org.apache.catalina.core.ApplicationContext.log ContextListener: contextDestroyed()
27-Feb-2016 22:10:57.834 INFO [localhost-startStop-1] org.apache.catalina.core.ApplicationContext.log ContextListener: contextInitialized()
27-Feb-2016 22:10:57.834 INFO [localhost-startStop-1] org.apache.catalina.core.ApplicationContext.log SessionListener: contextInitialized()
